Starting ChromeDriver 89.0.4389.23 (61b08ee2c50024bab004e48d2b1b083cdbdac579-refs/branch-heads/4389@{#294}) on port 9515
Only local connections are allowed.
Please see https://chromedriver.chromium.org/security-considerations for suggestions on keeping ChromeDriver safe.
ChromeDriver was started successfully.
[1618634681.008][INFO]: [c1f94cfa2b4b18e9b1e17e417744f297] COMMAND InitSession {
   "desiredCapabilities": {
      "browserName": "chrome",
      "name": "Google/Google Search Map"
   }
}
[1618634681.011][INFO]: Populating Preferences file: {
   "alternate_error_pages": {
      "enabled": false
   },
   "autofill": {
      "enabled": false
   },
   "browser": {
      "check_default_browser": false
   },
   "distribution": {
      "import_bookmarks": false,
      "import_history": false,
      "import_search_engine": false,
      "make_chrome_default_for_user": false,
      "skip_first_run_ui": true
   },
   "dns_prefetching": {
      "enabled": false
   },
   "profile": {
      "content_settings": {
         "pattern_pairs": {
            "https://*,*": {
               "media-stream": {
                  "audio": "Default",
                  "video": "Default"
               }
            }
         }
      },
      "default_content_setting_values": {
         "geolocation": 1
      },
      "default_content_settings": {
         "geolocation": 1,
         "mouselock": 1,
         "notifications": 1,
         "popups": 1,
         "ppapi-broker": 1
      },
      "password_manager_enabled": false
   },
   "safebrowsing": {
      "enabled": false
   },
   "search": {
      "suggest_enabled": false
   },
   "translate": {
      "enabled": false
   }
}
[1618634681.012][INFO]: Populating Local State file: {
   "background_mode": {
      "enabled": false
   },
   "ssl": {
      "rev_checking": {
         "enabled": false
      }
   }
}
[1618634681.012][INFO]: Launching chrome: /Applications/Google Chrome.app/Contents/MacOS/Google Chrome --disable-background-networking --disable-client-side-phishing-detection --disable-default-apps --disable-hang-monitor --disable-popup-blocking --disable-prompt-on-repost --disable-sync --enable-automation --enable-blink-features=ShadowDOMV0 --enable-logging --log-level=0 --no-first-run --no-service-autorun --password-store=basic --remote-debugging-port=0 --test-type=webdriver --use-mock-keychain --user-data-dir=/var/folders/m5/h5f12zf90r95ph84fw_1y2b00000gn/T/.com.google.Chrome.v0pqGL data:,

DevTools listening on ws://127.0.0.1:58221/devtools/browser/e9ecacf9-dd36-4b1f-a076-b8c1482285c2
[1618634681.682][DEBUG]: DevTools HTTP Request: http://localhost:58221/json/version
[1618634682.585][DEBUG]: DevTools HTTP Response: {
   "Browser": "Chrome/89.0.4389.128",
   "Protocol-Version": "1.3",
   "User-Agent": "Mozilla/5.0 (Macintosh; Intel Mac OS X 10_14_6) AppleWebKit/537.36 (KHTML, like Gecko) Chrome/89.0.4389.128 Safari/537.36",
   "V8-Version": "8.9.255.25",
   "WebKit-Version": "537.36 (@6d949d51e94419a5014d249141019d8bffc75f69)",
   "webSocketDebuggerUrl": "ws://localhost:58221/devtools/browser/e9ecacf9-dd36-4b1f-a076-b8c1482285c2"
}

[1618634682.585][DEBUG]: DevTools HTTP Request: http://localhost:58221/json/list
[1618634682.602][DEBUG]: DevTools HTTP Response: [ {
   "description": "",
   "devtoolsFrontendUrl": "/devtools/inspector.html?ws=localhost:58221/devtools/page/D29DFEF0D2843F78D6B36AD73B2C7606",
   "id": "D29DFEF0D2843F78D6B36AD73B2C7606",
   "title": "",
   "type": "page",
   "url": "data:,",
   "webSocketDebuggerUrl": "ws://localhost:58221/devtools/page/D29DFEF0D2843F78D6B36AD73B2C7606"
} ]

[1618634682.602][DEBUG]: DevTools HTTP Request: http://localhost:58221/json/list
[1618634682.605][DEBUG]: DevTools HTTP Response: [ {
   "description": "",
   "devtoolsFrontendUrl": "/devtools/inspector.html?ws=localhost:58221/devtools/page/D29DFEF0D2843F78D6B36AD73B2C7606",
   "id": "D29DFEF0D2843F78D6B36AD73B2C7606",
   "title": "",
   "type": "page",
   "url": "data:,",
   "webSocketDebuggerUrl": "ws://localhost:58221/devtools/page/D29DFEF0D2843F78D6B36AD73B2C7606"
} ]

[1618634682.607][INFO]: resolved localhost to ["127.0.0.1","::1"]
[1618634682.608][DEBUG]: DevTools WebSocket Command: Page.addScriptToEvaluateOnNewDocument (id=1) D29DFEF0D2843F78D6B36AD73B2C7606 {
   "source": "(function () {window.cdc_adoQpoasnfa76pfcZLmcfl_Array = window.Array;window.cdc_adoQpoasnfa76pfcZLmcfl_Promise = window.Promise;window.cdc_adoQpoasnfa76pfcZLmcfl_Symbol = window.Symbol;}) ();"
}
[1618634682.608][DEBUG]: DevTools WebSocket Command: Runtime.evaluate (id=2) D29DFEF0D2843F78D6B36AD73B2C7606 {
   "expression": "(function () {window.cdc_adoQpoasnfa76pfcZLmcfl_Array = window.Array;window.cdc_adoQpoasnfa76pfcZLmcfl_Promise = window.Promise;window.cdc_adoQpoasnfa76pfcZLmcfl_Symbol = window.Symbol;}) ();"
}
[1618634682.609][DEBUG]: DevTools WebSocket Command: Log.enable (id=3) D29DFEF0D2843F78D6B36AD73B2C7606 {

}
[1618634682.609][DEBUG]: DevTools WebSocket Command: DOM.getDocument (id=4) D29DFEF0D2843F78D6B36AD73B2C7606 {

}
[1618634682.609][DEBUG]: DevTools WebSocket Command: Target.setAutoAttach (id=5) D29DFEF0D2843F78D6B36AD73B2C7606 {
   "autoAttach": true,
   "flatten": true,
   "waitForDebuggerOnStart": false
}
[1618634682.609][DEBUG]: DevTools WebSocket Command: Page.enable (id=6) D29DFEF0D2843F78D6B36AD73B2C7606 {

}
[1618634682.610][DEBUG]: DevTools WebSocket Command: Page.enable (id=7) D29DFEF0D2843F78D6B36AD73B2C7606 {

}
[1618634682.640][DEBUG]: DevTools WebSocket Response: Page.addScriptToEvaluateOnNewDocument (id=1) D29DFEF0D2843F78D6B36AD73B2C7606 {
   "identifier": "1"
}
[1618634682.641][DEBUG]: DevTools WebSocket Response: Runtime.evaluate (id=2) D29DFEF0D2843F78D6B36AD73B2C7606 {
   "result": {
      "type": "undefined"
   }
}
[1618634682.641][DEBUG]: DevTools WebSocket Response: Log.enable (id=3) D29DFEF0D2843F78D6B36AD73B2C7606 {

}
[1618634682.641][DEBUG]: DevTools WebSocket Response: DOM.getDocument (id=4) D29DFEF0D2843F78D6B36AD73B2C7606 {
   "root": {
      "backendNodeId": 2,
      "baseURL": "data:,",
      "childNodeCount": 0,
      "children": [  ],
      "documentURL": "data:,",
      "localName": "",
      "nodeId": 1,
      "nodeName": "#document",
      "nodeType": 9,
      "nodeValue": "",
      "xmlVersion": ""
   }
}
[1618634682.641][DEBUG]: DevTools WebSocket Response: Target.setAutoAttach (id=5) D29DFEF0D2843F78D6B36AD73B2C7606 {

}
[1618634682.641][DEBUG]: DevTools WebSocket Response: Page.enable (id=6) D29DFEF0D2843F78D6B36AD73B2C7606 {

}
[1618634682.641][DEBUG]: DevTools WebSocket Response: Page.enable (id=7) D29DFEF0D2843F78D6B36AD73B2C7606 {

}
[1618634682.641][DEBUG]: DevTools WebSocket Command: Runtime.enable (id=8) D29DFEF0D2843F78D6B36AD73B2C7606 {

}
[1618634682.647][DEBUG]: DevTools WebSocket Event: DOM.childNodeInserted D29DFEF0D2843F78D6B36AD73B2C7606 {
   "node": {
      "attributes": [  ],
      "backendNodeId": 3,
      "childNodeCount": 0,
      "frameId": "D29DFEF0D2843F78D6B36AD73B2C7606",
      "localName": "html",
      "nodeId": 2,
      "nodeName": "HTML",
      "nodeType": 1,
      "nodeValue": ""
   },
   "parentNodeId": 1,
   "previousNodeId": 0
}
[1618634682.648][DEBUG]: DevTools WebSocket Event: DOM.childNodeCountUpdated D29DFEF0D2843F78D6B36AD73B2C7606 {
   "childNodeCount": 1,
   "nodeId": 2
}
[1618634682.648][DEBUG]: DevTools WebSocket Event: DOM.childNodeCountUpdated D29DFEF0D2843F78D6B36AD73B2C7606 {
   "childNodeCount": 2,
   "nodeId": 2
}
[1618634682.648][DEBUG]: DevTools WebSocket Event: Page.loadEventFired D29DFEF0D2843F78D6B36AD73B2C7606 {
   "timestamp": 76502.981151
}
[1618634682.648][DEBUG]: DevTools WebSocket Command: Runtime.evaluate (id=9) D29DFEF0D2843F78D6B36AD73B2C7606 {
   "awaitPromise": false,
   "expression": "document.readyState",
   "returnByValue": true
}
[1618634682.648][DEBUG]: DevTools WebSocket Event: Page.frameStoppedLoading D29DFEF0D2843F78D6B36AD73B2C7606 {
   "frameId": "D29DFEF0D2843F78D6B36AD73B2C7606"
}
[1618634682.648][DEBUG]: DevTools WebSocket Event: DOM.documentUpdated D29DFEF0D2843F78D6B36AD73B2C7606 {

}
[1618634682.648][DEBUG]: DevTools WebSocket Command: DOM.getDocument (id=10) D29DFEF0D2843F78D6B36AD73B2C7606 {

}
[1618634682.649][DEBUG]: DevTools WebSocket Event: Page.domContentEventFired D29DFEF0D2843F78D6B36AD73B2C7606 {
   "timestamp": 76502.981881
}
[1618634682.649][DEBUG]: DevTools WebSocket Event: Runtime.executionContextCreated D29DFEF0D2843F78D6B36AD73B2C7606 {
   "context": {
      "auxData": {
         "frameId": "D29DFEF0D2843F78D6B36AD73B2C7606",
         "isDefault": true,
         "type": "default"
      },
      "id": 1,
      "name": "",
      "origin": "://",
      "uniqueId": "955849667810801450.3766496355388745617"
   }
}
[1618634682.649][DEBUG]: DevTools WebSocket Response: Runtime.enable (id=8) D29DFEF0D2843F78D6B36AD73B2C7606 {

}
[1618634682.649][DEBUG]: DevTools WebSocket Response: Runtime.evaluate (id=9) D29DFEF0D2843F78D6B36AD73B2C7606 {
   "result": {
      "type": "string",
      "value": "complete"
   }
}
[1618634682.649][DEBUG]: DevTools WebSocket Command: Page.enable (id=11) D29DFEF0D2843F78D6B36AD73B2C7606 {

}
[1618634682.650][DEBUG]: DevTools WebSocket Response: DOM.getDocument (id=10) D29DFEF0D2843F78D6B36AD73B2C7606 {
   "root": {
      "backendNodeId": 2,
      "baseURL": "data:,",
      "childNodeCount": 1,
      "children": [ {
         "attributes": [  ],
         "backendNodeId": 3,
         "childNodeCount": 2,
         "children": [ {
            "attributes": [  ],
            "backendNodeId": 4,
            "childNodeCount": 0,
            "localName": "head",
            "nodeId": 5,
            "nodeName": "HEAD",
            "nodeType": 1,
            "nodeValue": "",
            "parentId": 4
         }, {
            "attributes": [  ],
            "backendNodeId": 5,
            "childNodeCount": 0,
            "localName": "body",
            "nodeId": 6,
            "nodeName": "BODY",
            "nodeType": 1,
            "nodeValue": "",
            "parentId": 4
         } ],
         "frameId": "D29DFEF0D2843F78D6B36AD73B2C7606",
         "localName": "html",
         "nodeId": 4,
         "nodeName": "HTML",
         "nodeType": 1,
         "nodeValue": "",
         "parentId": 3
      } ],
      "documentURL": "data:,",
      "localName": "",
      "nodeId": 3,
      "nodeName": "#document",
      "nodeType": 9,
      "nodeValue": "",
      "xmlVersion": ""
   }
}
[1618634682.650][DEBUG]: DevTools WebSocket Response: Page.enable (id=11) D29DFEF0D2843F78D6B36AD73B2C7606 {

}
[1618634682.650][DEBUG]: DevTools WebSocket Command: Runtime.enable (id=12) D29DFEF0D2843F78D6B36AD73B2C7606 {

}
[1618634682.651][DEBUG]: DevTools WebSocket Response: Runtime.enable (id=12) D29DFEF0D2843F78D6B36AD73B2C7606 {

}
[1618634682.651][DEBUG]: DevTools WebSocket Command: Runtime.evaluate (id=13) D29DFEF0D2843F78D6B36AD73B2C7606 {
   "awaitPromise": true,
   "expression": "(function() { // Copyright (c) 2012 The Chromium Authors. All rights reserved.\n// Use of this source code is governed by a BSD-style license that can be\n// found in the LICENSE file.\n\n/**\n * Enum f...",
   "returnByValue": true
}
[1618634682.655][DEBUG]: DevTools WebSocket Response: Runtime.evaluate (id=13) D29DFEF0D2843F78D6B36AD73B2C7606 {
   "result": {
      "type": "object",
      "value": {
         "status": 0,
         "value": 1
      }
   }
}
[1618634682.655][INFO]: [c1f94cfa2b4b18e9b1e17e417744f297] RESPONSE InitSession {
   "acceptInsecureCerts": false,
   "acceptSslCerts": false,
   "applicationCacheEnabled": false,
   "browserConnectionEnabled": false,
   "browserName": "chrome",
   "chrome": {
      "chromedriverVersion": "89.0.4389.23 (61b08ee2c50024bab004e48d2b1b083cdbdac579-refs/branch-heads/4389@{#294})",
      "userDataDir": "/var/folders/m5/h5f12zf90r95ph84fw_1y2b00000gn/T/.com.google.Chrome.v0pqGL"
   },
   "cssSelectorsEnabled": true,
   "databaseEnabled": false,
   "goog:chromeOptions": {
      "debuggerAddress": "localhost:58221"
   },
   "handlesAlerts": true,
   "hasTouchScreen": false,
   "javascriptEnabled": true,
   "locationContextEnabled": true,
   "mobileEmulationEnabled": false,
   "nativeEvents": true,
   "networkConnectionEnabled": false,
   "pageLoadStrategy": "normal",
   "platform": "Mac OS X",
   "proxy": {

   },
   "~~~": "..."
}
[1618634682.664][INFO]: [c1f94cfa2b4b18e9b1e17e417744f297] COMMAND Navigate {
   "url": "https://www.google.com/"
}
[1618634682.664][INFO]: Waiting for pending navigations...
[1618634682.664][DEBUG]: DevTools WebSocket Command: Runtime.evaluate (id=14) D29DFEF0D2843F78D6B36AD73B2C7606 {
   "expression": "1"
}
[1618634682.665][DEBUG]: DevTools WebSocket Response: Runtime.evaluate (id=14) D29DFEF0D2843F78D6B36AD73B2C7606 {
   "result": {
      "description": "1",
      "type": "number",
      "value": 1
   }
}
[1618634682.665][INFO]: Done waiting for pending navigations. Status: ok
[1618634682.665][DEBUG]: DevTools WebSocket Command: Page.navigate (id=15) D29DFEF0D2843F78D6B36AD73B2C7606 {
   "url": "https://www.google.com/"
}
[1618634682.982][DEBUG]: DevTools WebSocket Response: Page.navigate (id=15) D29DFEF0D2843F78D6B36AD73B2C7606 {
   "frameId": "D29DFEF0D2843F78D6B36AD73B2C7606",
   "loaderId": "A487120D88BC7FBBF02FC5ADF698D27F"
}
[1618634682.982][DEBUG]: DevTools WebSocket Command: Runtime.evaluate (id=16) D29DFEF0D2843F78D6B36AD73B2C7606 {
   "expression": "document.URL"
}
[1618634682.987][DEBUG]: DevTools WebSocket Event: Runtime.executionContextsCleared D29DFEF0D2843F78D6B36AD73B2C7606 {

}
[1618634682.990][DEBUG]: DevTools WebSocket Event: Page.frameStartedLoading D29DFEF0D2843F78D6B36AD73B2C7606 {
   "frameId": "D29DFEF0D2843F78D6B36AD73B2C7606"
}
[1618634683.011][DEBUG]: DevTools WebSocket Event: Runtime.executionContextsCleared D29DFEF0D2843F78D6B36AD73B2C7606 {

}
[1618634683.012][DEBUG]: DevTools WebSocket Event: Page.frameNavigated D29DFEF0D2843F78D6B36AD73B2C7606 {
   "frame": {
      "adFrameType": "none",
      "crossOriginIsolatedContextType": "NotIsolated",
      "domainAndRegistry": "google.com",
      "gatedAPIFeatures": [ "SharedArrayBuffers", "SharedArrayBuffersTransferAllowed" ],
      "id": "D29DFEF0D2843F78D6B36AD73B2C7606",
      "loaderId": "A487120D88BC7FBBF02FC5ADF698D27F",
      "mimeType": "text/html",
      "secureContextType": "Secure",
      "securityOrigin": "https://www.google.com",
      "url": "https://www.google.com/"
   }
}
[1618634683.012][DEBUG]: DevTools WebSocket Event: Runtime.executionContextCreated D29DFEF0D2843F78D6B36AD73B2C7606 {
   "context": {
      "auxData": {
         "frameId": "D29DFEF0D2843F78D6B36AD73B2C7606",
         "isDefault": true,
         "type": "default"
      },
      "id": 1,
      "name": "",
      "origin": "https://www.google.com",
      "uniqueId": "-7357198837603126507.7256512767123793467"
   }
}
[1618634683.012][DEBUG]: DevTools WebSocket Event: DOM.documentUpdated D29DFEF0D2843F78D6B36AD73B2C7606 {

}
[1618634683.012][DEBUG]: DevTools WebSocket Command: DOM.getDocument (id=17) D29DFEF0D2843F78D6B36AD73B2C7606 {

}
[1618634683.017][DEBUG]: DevTools WebSocket Response: Runtime.evaluate (id=16) D29DFEF0D2843F78D6B36AD73B2C7606 {
   "result": {
      "type": "string",
      "value": "https://www.google.com/"
   }
}
[1618634683.017][INFO]: Waiting for pending navigations...
[1618634683.017][DEBUG]: DevTools WebSocket Command: Runtime.evaluate (id=18) D29DFEF0D2843F78D6B36AD73B2C7606 {
   "expression": "1"
}
[1618634683.032][DEBUG]: DevTools WebSocket Response: DOM.getDocument (id=17) D29DFEF0D2843F78D6B36AD73B2C7606 {
   "root": {
      "backendNodeId": 1,
      "baseURL": "https://www.google.com/",
      "childNodeCount": 2,
      "children": [ {
         "backendNodeId": 2,
         "localName": "",
         "nodeId": 2,
         "nodeName": "html",
         "nodeType": 10,
         "nodeValue": "",
         "parentId": 1,
         "publicId": "",
         "systemId": ""
      }, {
         "attributes": [ "itemscope", "", "itemtype", "http://schema.org/WebPage", "lang", "en" ],
         "backendNodeId": 3,
         "childNodeCount": 1,
         "children": [ {
            "attributes": [  ],
            "backendNodeId": 4,
            "childNodeCount": 11,
            "localName": "head",
            "nodeId": 4,
            "nodeName": "HEAD",
            "nodeType": 1,
            "nodeValue": "",
            "parentId": 3
         } ],
         "frameId": "D29DFEF0D2843F78D6B36AD73B2C7606",
         "localName": "html",
         "nodeId": 3,
         "nodeName": "HTML",
         "nodeType": 1,
         "nodeValue": "",
         "parentId": 1
      } ],
      "documentURL": "https://www.google.com/",
      "localName": "",
      "nodeId": 1,
      "nodeName": "#document",
      "nodeType": 9,
      "nodeValue": "",
      "xmlVersion": ""
   }
}
[1618634683.033][DEBUG]: DevTools WebSocket Response: Runtime.evaluate (id=18) D29DFEF0D2843F78D6B36AD73B2C7606 {
   "result": {
      "description": "1",
      "type": "number",
      "value": 1
   }
}
[1618634683.042][DEBUG]: DevTools WebSocket Event: DOM.childNodeInserted D29DFEF0D2843F78D6B36AD73B2C7606 {
   "node": {
      "attributes": [ "jsmodel", "TvHxbe" ],
      "backendNodeId": 5,
      "childNodeCount": 0,
      "localName": "body",
      "nodeId": 5,
      "nodeName": "BODY",
      "nodeType": 1,
      "nodeValue": ""
   },
   "parentNodeId": 3,
   "previousNodeId": 4
}
[1618634683.042][DEBUG]: DevTools WebSocket Event: DOM.childNodeCountUpdated D29DFEF0D2843F78D6B36AD73B2C7606 {
   "childNodeCount": 1,
   "nodeId": 5
}
[1618634683.042][DEBUG]: DevTools WebSocket Event: DOM.childNodeCountUpdated D29DFEF0D2843F78D6B36AD73B2C7606 {
   "childNodeCount": 2,
   "nodeId": 5
}
[1618634683.042][DEBUG]: DevTools WebSocket Event: DOM.childNodeCountUpdated D29DFEF0D2843F78D6B36AD73B2C7606 {
   "childNodeCount": 3,
   "nodeId": 5
}
[1618634683.042][DEBUG]: DevTools WebSocket Command: Runtime.evaluate (id=19) D29DFEF0D2843F78D6B36AD73B2C7606 {
   "expression": "1"
}
[1618634683.130][DEBUG]: DevTools WebSocket Event: DOM.childNodeCountUpdated D29DFEF0D2843F78D6B36AD73B2C7606 {
   "childNodeCount": 12,
   "nodeId": 4
}
[1618634683.131][DEBUG]: DevTools WebSocket Event: DOM.childNodeCountUpdated D29DFEF0D2843F78D6B36AD73B2C7606 {
   "childNodeCount": 13,
   "nodeId": 4
}
[1618634683.131][DEBUG]: DevTools WebSocket Event: DOM.childNodeCountUpdated D29DFEF0D2843F78D6B36AD73B2C7606 {
   "childNodeCount": 4,
   "nodeId": 5
}
[1618634683.131][DEBUG]: DevTools WebSocket Event: DOM.childNodeCountUpdated D29DFEF0D2843F78D6B36AD73B2C7606 {
   "childNodeCount": 5,
   "nodeId": 5
}
[1618634683.131][DEBUG]: DevTools WebSocket Response: Runtime.evaluate (id=19) D29DFEF0D2843F78D6B36AD73B2C7606 {
   "result": {
      "description": "1",
      "type": "number",
      "value": 1
   }
}
[1618634683.190][DEBUG]: DevTools WebSocket Event: Page.frameResized D29DFEF0D2843F78D6B36AD73B2C7606 {

}
[1618634683.191][DEBUG]: DevTools WebSocket Command: Runtime.evaluate (id=20) D29DFEF0D2843F78D6B36AD73B2C7606 {
   "expression": "1"
}
[1618634683.194][DEBUG]: DevTools WebSocket Response: Runtime.evaluate (id=20) D29DFEF0D2843F78D6B36AD73B2C7606 {
   "result": {
      "description": "1",
      "type": "number",
      "value": 1
   }
}
[1618634683.277][DEBUG]: DevTools WebSocket Event: Page.navigatedWithinDocument D29DFEF0D2843F78D6B36AD73B2C7606 {
   "frameId": "D29DFEF0D2843F78D6B36AD73B2C7606",
   "url": "https://www.google.com/"
}
[1618634683.278][DEBUG]: DevTools WebSocket Event: DOM.attributeModified D29DFEF0D2843F78D6B36AD73B2C7606 {
   "name": "jsaction",
   "nodeId": 5,
   "value": "YUC7He:.CLIENT"
}
[1618634683.278][DEBUG]: DevTools WebSocket Event: DOM.documentUpdated D29DFEF0D2843F78D6B36AD73B2C7606 {

}
[1618634683.278][DEBUG]: DevTools WebSocket Command: DOM.getDocument (id=21) D29DFEF0D2843F78D6B36AD73B2C7606 {

}
[1618634683.278][DEBUG]: DevTools WebSocket Command: Runtime.evaluate (id=22) D29DFEF0D2843F78D6B36AD73B2C7606 {
   "expression": "1"
}
[1618634683.278][DEBUG]: DevTools WebSocket Event: Page.domContentEventFired D29DFEF0D2843F78D6B36AD73B2C7606 {
   "timestamp": 76503.614243
}
[1618634683.500][DEBUG]: DevTools WebSocket Response: DOM.getDocument (id=21) D29DFEF0D2843F78D6B36AD73B2C7606 {
   "root": {
      "backendNodeId": 1,
      "baseURL": "https://www.google.com/",
      "childNodeCount": 2,
      "children": [ {
         "backendNodeId": 2,
         "localName": "",
         "nodeId": 7,
         "nodeName": "html",
         "nodeType": 10,
         "nodeValue": "",
         "parentId": 6,
         "publicId": "",
         "systemId": ""
      }, {
         "attributes": [ "itemscope", "", "itemtype", "http://schema.org/WebPage", "lang", "en" ],
         "backendNodeId": 3,
         "childNodeCount": 2,
         "children": [ {
            "attributes": [  ],
            "backendNodeId": 4,
            "childNodeCount": 13,
            "localName": "head",
            "nodeId": 9,
            "nodeName": "HEAD",
            "nodeType": 1,
            "nodeValue": "",
            "parentId": 8
         }, {
            "attributes": [ "jsmodel", "TvHxbe", "jsaction", "YUC7He:.CLIENT;IVKTfe:.CLIENT;HiCeld:.CLIENT;KsNBn:.CLIENT;sbTXNb:.CLIENT;xjhTIf:.CLIENT;O2vyse:.CLIENT;Ez7VMc:.CLIENT;hWT9Jb:.CLIENT;WCulWe:.CLIENT;VM8bg:.CLIENT;qqf0n:.CLIENT;me3ike:.CLIENT;IrNyw..." ],
            "backendNodeId": 5,
            "childNodeCount": 6,
            "localName": "body",
            "nodeId": 10,
            "nodeName": "BODY",
            "nodeType": 1,
            "nodeValue": "",
            "parentId": 8
         } ],
         "frameId": "D29DFEF0D2843F78D6B36AD73B2C7606",
         "localName": "html",
         "nodeId": 8,
         "nodeName": "HTML",
         "nodeType": 1,
         "nodeValue": "",
         "parentId": 6
      } ],
      "documentURL": "https://www.google.com/",
      "localName": "",
      "nodeId": 6,
      "nodeName": "#document",
      "nodeType": 9,
      "nodeValue": "",
      "xmlVersion": ""
   }
}
[1618634683.500][DEBUG]: DevTools WebSocket Response: Runtime.evaluate (id=22) D29DFEF0D2843F78D6B36AD73B2C7606 {
   "result": {
      "description": "1",
      "type": "number",
      "value": 1
   }
}
[1618634683.631][DEBUG]: DevTools WebSocket Event: DOM.childNodeCountUpdated D29DFEF0D2843F78D6B36AD73B2C7606 {
   "childNodeCount": 14,
   "nodeId": 9
}
[1618634683.631][DEBUG]: DevTools WebSocket Command: Runtime.evaluate (id=23) D29DFEF0D2843F78D6B36AD73B2C7606 {
   "expression": "1"
}
[1618634683.633][DEBUG]: DevTools WebSocket Event: DOM.childNodeCountUpdated D29DFEF0D2843F78D6B36AD73B2C7606 {
   "childNodeCount": 15,
   "nodeId": 9
}
[1618634683.634][DEBUG]: DevTools WebSocket Event: DOM.childNodeCountUpdated D29DFEF0D2843F78D6B36AD73B2C7606 {
   "childNodeCount": 7,
   "nodeId": 10
}
[1618634683.638][DEBUG]: DevTools WebSocket Event: DOM.childNodeCountUpdated D29DFEF0D2843F78D6B36AD73B2C7606 {
   "childNodeCount": 6,
   "nodeId": 10
}
[1618634683.641][DEBUG]: DevTools WebSocket Event: DOM.childNodeCountUpdated D29DFEF0D2843F78D6B36AD73B2C7606 {
   "childNodeCount": 7,
   "nodeId": 10
}
[1618634683.650][DEBUG]: DevTools WebSocket Response: Runtime.evaluate (id=23) D29DFEF0D2843F78D6B36AD73B2C7606 {
   "result": {
      "description": "1",
      "type": "number",
      "value": 1
   }
}
[1618634683.704][DEBUG]: DevTools WebSocket Event: DOM.attributeModified D29DFEF0D2843F78D6B36AD73B2C7606 {
   "name": "jsaction",
   "nodeId": 10,
   "value": "YUC7He:.CLIENT;IVKTfe:.CLIENT;HiCeld:.CLIENT;KsNBn:.CLIENT;sbTXNb:.CLIENT;xjhTIf:.CLIENT;O2vyse:.CLIENT;Ez7VMc:.CLIENT;hWT9Jb:.CLIENT;WCulWe:.CLIENT;qqf0n:.CLIENT;me3ike:.CLIENT;IrNywb:.CLIENT;Z94j..."
}
[1618634683.704][DEBUG]: DevTools WebSocket Event: DOM.attributeModified D29DFEF0D2843F78D6B36AD73B2C7606 {
   "name": "jsaction",
   "nodeId": 10,
   "value": "YUC7He:.CLIENT;IVKTfe:.CLIENT;HiCeld:.CLIENT;KsNBn:.CLIENT;sbTXNb:.CLIENT;xjhTIf:.CLIENT;O2vyse:.CLIENT;Ez7VMc:.CLIENT;hWT9Jb:.CLIENT;WCulWe:.CLIENT;qqf0n:.CLIENT;me3ike:.CLIENT;IrNywb:.CLIENT;Z94j..."
}
[1618634683.704][DEBUG]: DevTools WebSocket Event: DOM.attributeModified D29DFEF0D2843F78D6B36AD73B2C7606 {
   "name": "jsaction",
   "nodeId": 10,
   "value": "YUC7He:.CLIENT;IVKTfe:.CLIENT;HiCeld:.CLIENT;KsNBn:.CLIENT;sbTXNb:.CLIENT;xjhTIf:.CLIENT;O2vyse:.CLIENT;Ez7VMc:.CLIENT;WCulWe:.CLIENT;qqf0n:.CLIENT;me3ike:.CLIENT;IrNywb:.CLIENT;Z94jBf:.CLIENT;A870..."
}
[1618634683.704][DEBUG]: DevTools WebSocket Event: DOM.attributeModified D29DFEF0D2843F78D6B36AD73B2C7606 {
   "name": "jsaction",
   "nodeId": 10,
   "value": "YUC7He:.CLIENT;IVKTfe:.CLIENT;HiCeld:.CLIENT;KsNBn:.CLIENT;sbTXNb:.CLIENT;xjhTIf:.CLIENT;O2vyse:.CLIENT;Ez7VMc:.CLIENT;WCulWe:.CLIENT;qqf0n:.CLIENT;me3ike:.CLIENT;IrNywb:.CLIENT;Z94jBf:.CLIENT;A870..."
}
[1618634683.704][DEBUG]: DevTools WebSocket Command: Runtime.evaluate (id=24) D29DFEF0D2843F78D6B36AD73B2C7606 {
   "expression": "1"
}
[1618634683.704][DEBUG]: DevTools WebSocket Event: DOM.attributeModified D29DFEF0D2843F78D6B36AD73B2C7606 {
   "name": "jsaction",
   "nodeId": 10,
   "value": "YUC7He:.CLIENT;IVKTfe:.CLIENT;HiCeld:.CLIENT;KsNBn:.CLIENT;sbTXNb:.CLIENT;xjhTIf:.CLIENT;O2vyse:.CLIENT;Ez7VMc:.CLIENT;qqf0n:.CLIENT;me3ike:.CLIENT;IrNywb:.CLIENT;Z94jBf:.CLIENT;A8708b:.CLIENT;szjO..."
}
[1618634683.704][DEBUG]: DevTools WebSocket Event: DOM.attributeModified D29DFEF0D2843F78D6B36AD73B2C7606 {
   "name": "jsaction",
   "nodeId": 10,
   "value": "YUC7He:.CLIENT;IVKTfe:.CLIENT;HiCeld:.CLIENT;KsNBn:.CLIENT;sbTXNb:.CLIENT;xjhTIf:.CLIENT;O2vyse:.CLIENT;Ez7VMc:.CLIENT;qqf0n:.CLIENT;me3ike:.CLIENT;IrNywb:.CLIENT;Z94jBf:.CLIENT;A8708b:.CLIENT;szjO..."
}
[1618634683.705][DEBUG]: DevTools WebSocket Event: DOM.childNodeCountUpdated D29DFEF0D2843F78D6B36AD73B2C7606 {
   "childNodeCount": 8,
   "nodeId": 10
}
[1618634683.705][DEBUG]: DevTools WebSocket Event: DOM.attributeModified D29DFEF0D2843F78D6B36AD73B2C7606 {
   "name": "jsaction",
   "nodeId": 10,
   "value": "YUC7He:.CLIENT;IVKTfe:.CLIENT;HiCeld:.CLIENT;KsNBn:.CLIENT;sbTXNb:.CLIENT;xjhTIf:.CLIENT;O2vyse:.CLIENT;Ez7VMc:.CLIENT;qqf0n:.CLIENT;me3ike:.CLIENT;IrNywb:.CLIENT;Z94jBf:.CLIENT;A8708b:.CLIENT;szjO..."
}
[1618634683.706][DEBUG]: DevTools WebSocket Event: DOM.attributeModified D29DFEF0D2843F78D6B36AD73B2C7606 {
   "name": "jsaction",
   "nodeId": 10,
   "value": "YUC7He:.CLIENT;IVKTfe:.CLIENT;HiCeld:.CLIENT;KsNBn:.CLIENT;sbTXNb:.CLIENT;xjhTIf:.CLIENT;O2vyse:.CLIENT;Ez7VMc:.CLIENT;qqf0n:.CLIENT;me3ike:.CLIENT;IrNywb:.CLIENT;Z94jBf:.CLIENT;A8708b:.CLIENT;YcfJ..."
}
[1618634683.706][DEBUG]: DevTools WebSocket Event: DOM.attributeModified D29DFEF0D2843F78D6B36AD73B2C7606 {
   "name": "jsaction",
   "nodeId": 10,
   "value": "YUC7He:.CLIENT;IVKTfe:.CLIENT;HiCeld:.CLIENT;KsNBn:.CLIENT;sbTXNb:.CLIENT;xjhTIf:.CLIENT;O2vyse:.CLIENT;Ez7VMc:.CLIENT;qqf0n:.CLIENT;me3ike:.CLIENT;IrNywb:.CLIENT;Z94jBf:.CLIENT;A8708b:.CLIENT;YcfJ..."
}
[1618634683.706][DEBUG]: DevTools WebSocket Event: DOM.attributeModified D29DFEF0D2843F78D6B36AD73B2C7606 {
   "name": "jsaction",
   "nodeId": 10,
   "value": "YUC7He:.CLIENT;IVKTfe:.CLIENT;HiCeld:.CLIENT;KsNBn:.CLIENT;sbTXNb:.CLIENT;xjhTIf:.CLIENT;O2vyse:.CLIENT;Ez7VMc:.CLIENT;qqf0n:.CLIENT;me3ike:.CLIENT;IrNywb:.CLIENT;Z94jBf:.CLIENT;A8708b:.CLIENT;YcfJ..."
}
[1618634683.707][DEBUG]: DevTools WebSocket Event: DOM.attributeModified D29DFEF0D2843F78D6B36AD73B2C7606 {
   "name": "jsaction",
   "nodeId": 10,
   "value": "YUC7He:.CLIENT;IVKTfe:.CLIENT;HiCeld:.CLIENT;KsNBn:.CLIENT;sbTXNb:.CLIENT;xjhTIf:.CLIENT;O2vyse:.CLIENT;Ez7VMc:.CLIENT;qqf0n:.CLIENT;me3ike:.CLIENT;IrNywb:.CLIENT;Z94jBf:.CLIENT;A8708b:.CLIENT;YcfJ..."
}
[1618634683.707][DEBUG]: DevTools WebSocket Event: DOM.attributeModified D29DFEF0D2843F78D6B36AD73B2C7606 {
   "name": "jsaction",
   "nodeId": 10,
   "value": "YUC7He:.CLIENT;IVKTfe:.CLIENT;HiCeld:.CLIENT;KsNBn:.CLIENT;sbTXNb:.CLIENT;xjhTIf:.CLIENT;O2vyse:.CLIENT;Ez7VMc:.CLIENT;qqf0n:.CLIENT;me3ike:.CLIENT;IrNywb:.CLIENT;Z94jBf:.CLIENT;A8708b:.CLIENT;YcfJ..."
}
[1618634683.707][DEBUG]: DevTools WebSocket Event: DOM.attributeModified D29DFEF0D2843F78D6B36AD73B2C7606 {
   "name": "jsaction",
   "nodeId": 10,
   "value": "YUC7He:.CLIENT;IVKTfe:.CLIENT;HiCeld:.CLIENT;KsNBn:.CLIENT;sbTXNb:.CLIENT;xjhTIf:.CLIENT;O2vyse:.CLIENT;Ez7VMc:.CLIENT;qqf0n:.CLIENT;me3ike:.CLIENT;IrNywb:.CLIENT;Z94jBf:.CLIENT;A8708b:.CLIENT;YcfJ..."
}
[1618634683.707][DEBUG]: DevTools WebSocket Event: DOM.attributeModified D29DFEF0D2843F78D6B36AD73B2C7606 {
   "name": "jsaction",
   "nodeId": 10,
   "value": "YUC7He:.CLIENT;IVKTfe:.CLIENT;HiCeld:.CLIENT;KsNBn:.CLIENT;sbTXNb:.CLIENT;xjhTIf:.CLIENT;O2vyse:.CLIENT;Ez7VMc:.CLIENT;qqf0n:.CLIENT;me3ike:.CLIENT;IrNywb:.CLIENT;Z94jBf:.CLIENT;A8708b:.CLIENT;YcfJ..."
}
[1618634683.707][DEBUG]: DevTools WebSocket Event: DOM.attributeModified D29DFEF0D2843F78D6B36AD73B2C7606 {
   "name": "jsaction",
   "nodeId": 10,
   "value": "YUC7He:.CLIENT;IVKTfe:.CLIENT;HiCeld:.CLIENT;KsNBn:.CLIENT;sbTXNb:.CLIENT;xjhTIf:.CLIENT;O2vyse:.CLIENT;Ez7VMc:.CLIENT;qqf0n:.CLIENT;me3ike:.CLIENT;IrNywb:.CLIENT;Z94jBf:.CLIENT;A8708b:.CLIENT;YcfJ..."
}
[1618634683.716][DEBUG]: DevTools WebSocket Response: Runtime.evaluate (id=24) D29DFEF0D2843F78D6B36AD73B2C7606 {
   "result": {
      "description": "1",
      "type": "number",
      "value": 1
   }
}
[1618634683.722][DEBUG]: DevTools WebSocket Event: DOM.childNodeCountUpdated D29DFEF0D2843F78D6B36AD73B2C7606 {
   "childNodeCount": 9,
   "nodeId": 10
}
[1618634683.723][DEBUG]: DevTools WebSocket Command: Runtime.evaluate (id=25) D29DFEF0D2843F78D6B36AD73B2C7606 {
   "expression": "1"
}
[1618634683.785][DEBUG]: DevTools WebSocket Response: Runtime.evaluate (id=25) D29DFEF0D2843F78D6B36AD73B2C7606 {
   "result": {
      "description": "1",
      "type": "number",
      "value": 1
   }
}
[1618634683.807][DEBUG]: DevTools WebSocket Event: Page.loadEventFired D29DFEF0D2843F78D6B36AD73B2C7606 {
   "timestamp": 76504.141275
}
[1618634683.807][DEBUG]: DevTools WebSocket Command: Runtime.evaluate (id=26) D29DFEF0D2843F78D6B36AD73B2C7606 {
   "awaitPromise": false,
   "expression": "document.readyState",
   "returnByValue": true
}
[1618634683.807][DEBUG]: DevTools WebSocket Event: Page.frameStoppedLoading D29DFEF0D2843F78D6B36AD73B2C7606 {
   "frameId": "D29DFEF0D2843F78D6B36AD73B2C7606"
}
[1618634683.808][DEBUG]: DevTools WebSocket Response: Runtime.evaluate (id=26) D29DFEF0D2843F78D6B36AD73B2C7606 {
   "result": {
      "type": "string",
      "value": "complete"
   }
}
[1618634683.808][DEBUG]: DevTools WebSocket Command: Runtime.evaluate (id=27) D29DFEF0D2843F78D6B36AD73B2C7606 {
   "expression": "1"
}
[1618634683.809][DEBUG]: DevTools WebSocket Response: Runtime.evaluate (id=27) D29DFEF0D2843F78D6B36AD73B2C7606 {
   "result": {
      "description": "1",
      "type": "number",
      "value": 1
   }
}
[1618634683.809][INFO]: Done waiting for pending navigations. Status: ok
[1618634683.809][INFO]: [c1f94cfa2b4b18e9b1e17e417744f297] RESPONSE Navigate
[1618634683.814][INFO]: [c1f94cfa2b4b18e9b1e17e417744f297] COMMAND FindElements {
   "using": "css selector",
   "value": "[class=\"gLFyf gsfi\"]"
}
[1618634683.814][INFO]: Waiting for pending navigations...
[1618634683.814][DEBUG]: DevTools WebSocket Command: Runtime.evaluate (id=28) D29DFEF0D2843F78D6B36AD73B2C7606 {
   "expression": "1"
}
[1618634683.814][DEBUG]: DevTools WebSocket Response: Runtime.evaluate (id=28) D29DFEF0D2843F78D6B36AD73B2C7606 {
   "result": {
      "description": "1",
      "type": "number",
      "value": 1
   }
}
[1618634683.814][INFO]: Done waiting for pending navigations. Status: ok
[1618634683.818][DEBUG]: DevTools WebSocket Command: Runtime.evaluate (id=29) D29DFEF0D2843F78D6B36AD73B2C7606 {
   "awaitPromise": true,
   "expression": "(function() { // Copyright (c) 2012 The Chromium Authors. All rights reserved.\n// Use of this source code is governed by a BSD-style license that can be\n// found in the LICENSE file.\n\n/**\n * Enum f...",
   "returnByValue": true
}
[1618634683.839][DEBUG]: DevTools WebSocket Response: Runtime.evaluate (id=29) D29DFEF0D2843F78D6B36AD73B2C7606 {
   "result": {
      "type": "object",
      "value": {
         "status": 0,
         "value": [ {
            "ELEMENT": "0.563278861795395-1"
         } ]
      }
   }
}
[1618634683.839][INFO]: Waiting for pending navigations...
[1618634683.839][DEBUG]: DevTools WebSocket Command: Runtime.evaluate (id=30) D29DFEF0D2843F78D6B36AD73B2C7606 {
   "expression": "1"
}
[1618634683.840][DEBUG]: DevTools WebSocket Response: Runtime.evaluate (id=30) D29DFEF0D2843F78D6B36AD73B2C7606 {
   "result": {
      "description": "1",
      "type": "number",
      "value": 1
   }
}
[1618634683.840][INFO]: Done waiting for pending navigations. Status: ok
[1618634683.840][INFO]: [c1f94cfa2b4b18e9b1e17e417744f297] RESPONSE FindElements [ {
   "ELEMENT": "0.563278861795395-1"
} ]
[1618634683.843][INFO]: [c1f94cfa2b4b18e9b1e17e417744f297] COMMAND IsElementDisplayed {
   "id": "0.563278861795395-1"
}
[1618634683.843][INFO]: Waiting for pending navigations...
[1618634683.843][DEBUG]: DevTools WebSocket Command: Runtime.evaluate (id=31) D29DFEF0D2843F78D6B36AD73B2C7606 {
   "expression": "1"
}
[1618634683.843][DEBUG]: DevTools WebSocket Response: Runtime.evaluate (id=31) D29DFEF0D2843F78D6B36AD73B2C7606 {
   "result": {
      "description": "1",
      "type": "number",
      "value": 1
   }
}
[1618634683.843][INFO]: Done waiting for pending navigations. Status: ok
[1618634683.846][DEBUG]: DevTools WebSocket Command: Runtime.evaluate (id=32) D29DFEF0D2843F78D6B36AD73B2C7606 {
   "awaitPromise": true,
   "expression": "(function() { // Copyright (c) 2012 The Chromium Authors. All rights reserved.\n// Use of this source code is governed by a BSD-style license that can be\n// found in the LICENSE file.\n\n/**\n * Enum f...",
   "returnByValue": true
}
[1618634683.861][DEBUG]: DevTools WebSocket Response: Runtime.evaluate (id=32) D29DFEF0D2843F78D6B36AD73B2C7606 {
   "result": {
      "type": "object",
      "value": {
         "status": 0,
         "value": true
      }
   }
}
[1618634683.861][INFO]: Waiting for pending navigations...
[1618634683.861][DEBUG]: DevTools WebSocket Command: Runtime.evaluate (id=33) D29DFEF0D2843F78D6B36AD73B2C7606 {
   "expression": "1"
}
[1618634683.862][DEBUG]: DevTools WebSocket Response: Runtime.evaluate (id=33) D29DFEF0D2843F78D6B36AD73B2C7606 {
   "result": {
      "description": "1",
      "type": "number",
      "value": 1
   }
}
[1618634683.862][INFO]: Done waiting for pending navigations. Status: ok
[1618634683.862][INFO]: [c1f94cfa2b4b18e9b1e17e417744f297] RESPONSE IsElementDisplayed true
[1618634683.870][INFO]: [c1f94cfa2b4b18e9b1e17e417744f297] COMMAND FindElements {
   "using": "css selector",
   "value": "[class=\"gLFyf gsfi\"]"
}
[1618634683.870][INFO]: Waiting for pending navigations...
[1618634683.870][DEBUG]: DevTools WebSocket Command: Runtime.evaluate (id=34) D29DFEF0D2843F78D6B36AD73B2C7606 {
   "expression": "1"
}
[1618634683.871][DEBUG]: DevTools WebSocket Response: Runtime.evaluate (id=34) D29DFEF0D2843F78D6B36AD73B2C7606 {
   "result": {
      "description": "1",
      "type": "number",
      "value": 1
   }
}
[1618634683.872][INFO]: Done waiting for pending navigations. Status: ok
[1618634683.873][DEBUG]: DevTools WebSocket Command: Runtime.evaluate (id=35) D29DFEF0D2843F78D6B36AD73B2C7606 {
   "awaitPromise": true,
   "expression": "(function() { // Copyright (c) 2012 The Chromium Authors. All rights reserved.\n// Use of this source code is governed by a BSD-style license that can be\n// found in the LICENSE file.\n\n/**\n * Enum f...",
   "returnByValue": true
}
[1618634683.896][DEBUG]: DevTools WebSocket Response: Runtime.evaluate (id=35) D29DFEF0D2843F78D6B36AD73B2C7606 {
   "result": {
      "type": "object",
      "value": {
         "status": 0,
         "value": [ {
            "ELEMENT": "0.563278861795395-1"
         } ]
      }
   }
}
[1618634683.896][INFO]: Waiting for pending navigations...
[1618634683.896][DEBUG]: DevTools WebSocket Command: Runtime.evaluate (id=36) D29DFEF0D2843F78D6B36AD73B2C7606 {
   "expression": "1"
}
[1618634683.900][DEBUG]: DevTools WebSocket Response: Runtime.evaluate (id=36) D29DFEF0D2843F78D6B36AD73B2C7606 {
   "result": {
      "description": "1",
      "type": "number",
      "value": 1
   }
}
[1618634683.900][INFO]: Done waiting for pending navigations. Status: ok
[1618634683.900][INFO]: [c1f94cfa2b4b18e9b1e17e417744f297] RESPONSE FindElements [ {
   "ELEMENT": "0.563278861795395-1"
} ]
[1618634683.904][INFO]: [c1f94cfa2b4b18e9b1e17e417744f297] COMMAND TypeElement {
   "id": "0.563278861795395-1",
   "value": [ "1", "2", "1", "6", " ", "c", "a", "v", "a", "l", "i", "e", "r", " ", "d", "r", "" ]
}
[1618634683.904][INFO]: Waiting for pending navigations...
[1618634683.904][DEBUG]: DevTools WebSocket Command: Runtime.evaluate (id=37) D29DFEF0D2843F78D6B36AD73B2C7606 {
   "expression": "1"
}
[1618634683.906][DEBUG]: DevTools WebSocket Response: Runtime.evaluate (id=37) D29DFEF0D2843F78D6B36AD73B2C7606 {
   "result": {
      "description": "1",
      "type": "number",
      "value": 1
   }
}
[1618634683.906][INFO]: Done waiting for pending navigations. Status: ok
[1618634683.908][DEBUG]: DevTools WebSocket Command: Runtime.evaluate (id=38) D29DFEF0D2843F78D6B36AD73B2C7606 {
   "awaitPromise": true,
   "expression": "(function() { // Copyright (c) 2012 The Chromium Authors. All rights reserved.\n// Use of this source code is governed by a BSD-style license that can be\n// found in the LICENSE file.\n\n/**\n * Enum f...",
   "returnByValue": true
}
[1618634683.926][DEBUG]: DevTools WebSocket Response: Runtime.evaluate (id=38) D29DFEF0D2843F78D6B36AD73B2C7606 {
   "result": {
      "type": "object",
      "value": {
         "status": 0,
         "value": "INPUT"
      }
   }
}
[1618634683.927][DEBUG]: DevTools WebSocket Command: Runtime.evaluate (id=39) D29DFEF0D2843F78D6B36AD73B2C7606 {
   "awaitPromise": true,
   "expression": "(function() { // Copyright (c) 2012 The Chromium Authors. All rights reserved.\n// Use of this source code is governed by a BSD-style license that can be\n// found in the LICENSE file.\n\n/**\n * Enum f...",
   "returnByValue": true
}
[1618634683.933][DEBUG]: DevTools WebSocket Response: Runtime.evaluate (id=39) D29DFEF0D2843F78D6B36AD73B2C7606 {
   "result": {
      "type": "object",
      "value": {
         "status": 0,
         "value": "text"
      }
   }
}
[1618634683.934][DEBUG]: DevTools WebSocket Command: Runtime.evaluate (id=40) D29DFEF0D2843F78D6B36AD73B2C7606 {
   "awaitPromise": true,
   "expression": "(function() { // Copyright (c) 2012 The Chromium Authors. All rights reserved.\n// Use of this source code is governed by a BSD-style license that can be\n// found in the LICENSE file.\n\n/**\n * Enum f...",
   "returnByValue": true
}
[1618634683.939][DEBUG]: DevTools WebSocket Response: Runtime.evaluate (id=40) D29DFEF0D2843F78D6B36AD73B2C7606 {
   "result": {
      "type": "object",
      "value": {
         "status": 0,
         "value": false
      }
   }
}
[1618634683.941][DEBUG]: DevTools WebSocket Command: Runtime.evaluate (id=41) D29DFEF0D2843F78D6B36AD73B2C7606 {
   "awaitPromise": true,
   "expression": "(function() { // Copyright (c) 2012 The Chromium Authors. All rights reserved.\n// Use of this source code is governed by a BSD-style license that can be\n// found in the LICENSE file.\n\n/**\n * Enum f...",
   "returnByValue": true
}
[1618634683.946][DEBUG]: DevTools WebSocket Response: Runtime.evaluate (id=41) D29DFEF0D2843F78D6B36AD73B2C7606 {
   "result": {
      "type": "object",
      "value": {
         "status": 0,
         "value": "INPUT"
      }
   }
}
[1618634683.946][DEBUG]: DevTools WebSocket Command: Runtime.evaluate (id=42) D29DFEF0D2843F78D6B36AD73B2C7606 {
   "awaitPromise": false,
   "expression": "document.hasFocus()",
   "returnByValue": true
}
[1618634683.947][DEBUG]: DevTools WebSocket Response: Runtime.evaluate (id=42) D29DFEF0D2843F78D6B36AD73B2C7606 {
   "result": {
      "type": "boolean",
      "value": true
   }
}
[1618634683.947][DEBUG]: DevTools WebSocket Command: Runtime.evaluate (id=43) D29DFEF0D2843F78D6B36AD73B2C7606 {
   "awaitPromise": true,
   "expression": "(function() { // Copyright (c) 2012 The Chromium Authors. All rights reserved.\n// Use of this source code is governed by a BSD-style license that can be\n// found in the LICENSE file.\n\n/**\n * Enum f...",
   "returnByValue": true
}
[1618634683.949][DEBUG]: DevTools WebSocket Response: Runtime.evaluate (id=43) D29DFEF0D2843F78D6B36AD73B2C7606 {
   "result": {
      "type": "object",
      "value": {
         "status": 0,
         "value": {
            "ELEMENT": "0.563278861795395-1"
         }
      }
   }
}
[1618634683.993][DEBUG]: DevTools WebSocket Command: Input.dispatchKeyEvent (id=44) D29DFEF0D2843F78D6B36AD73B2C7606 {
   "code": "Digit1",
   "key": "1",
   "modifiers": 0,
   "text": "1",
   "type": "rawKeyDown",
   "unmodifiedText": "1",
   "windowsVirtualKeyCode": 49
}
[1618634683.994][DEBUG]: DevTools WebSocket Command: Input.dispatchKeyEvent (id=45) D29DFEF0D2843F78D6B36AD73B2C7606 {
   "code": "Digit1",
   "key": "1",
   "modifiers": 0,
   "text": "1",
   "type": "char",
   "unmodifiedText": "1",
   "windowsVirtualKeyCode": 49
}
[1618634683.994][DEBUG]: DevTools WebSocket Command: Input.dispatchKeyEvent (id=46) D29DFEF0D2843F78D6B36AD73B2C7606 {
   "code": "Digit1",
   "key": "1",
   "modifiers": 0,
   "text": "1",
   "type": "keyUp",
   "unmodifiedText": "1",
   "windowsVirtualKeyCode": 49
}
[1618634683.996][DEBUG]: DevTools WebSocket Command: Input.dispatchKeyEvent (id=47) D29DFEF0D2843F78D6B36AD73B2C7606 {
   "code": "Digit2",
   "key": "2",
   "modifiers": 0,
   "text": "2",
   "type": "rawKeyDown",
   "unmodifiedText": "2",
   "windowsVirtualKeyCode": 50
}
[1618634683.996][DEBUG]: DevTools WebSocket Command: Input.dispatchKeyEvent (id=48) D29DFEF0D2843F78D6B36AD73B2C7606 {
   "code": "Digit2",
   "key": "2",
   "modifiers": 0,
   "text": "2",
   "type": "char",
   "unmodifiedText": "2",
   "windowsVirtualKeyCode": 50
}
[1618634683.996][DEBUG]: DevTools WebSocket Command: Input.dispatchKeyEvent (id=49) D29DFEF0D2843F78D6B36AD73B2C7606 {
   "code": "Digit2",
   "key": "2",
   "modifiers": 0,
   "text": "2",
   "type": "keyUp",
   "unmodifiedText": "2",
   "windowsVirtualKeyCode": 50
}
[1618634683.997][DEBUG]: DevTools WebSocket Command: Input.dispatchKeyEvent (id=50) D29DFEF0D2843F78D6B36AD73B2C7606 {
   "code": "Digit1",
   "key": "1",
   "modifiers": 0,
   "text": "1",
   "type": "rawKeyDown",
   "unmodifiedText": "1",
   "windowsVirtualKeyCode": 49
}
[1618634683.997][DEBUG]: DevTools WebSocket Command: Input.dispatchKeyEvent (id=51) D29DFEF0D2843F78D6B36AD73B2C7606 {
   "code": "Digit1",
   "key": "1",
   "modifiers": 0,
   "text": "1",
   "type": "char",
   "unmodifiedText": "1",
   "windowsVirtualKeyCode": 49
}
[1618634683.997][DEBUG]: DevTools WebSocket Command: Input.dispatchKeyEvent (id=52) D29DFEF0D2843F78D6B36AD73B2C7606 {
   "code": "Digit1",
   "key": "1",
   "modifiers": 0,
   "text": "1",
   "type": "keyUp",
   "unmodifiedText": "1",
   "windowsVirtualKeyCode": 49
}
[1618634683.998][DEBUG]: DevTools WebSocket Command: Input.dispatchKeyEvent (id=53) D29DFEF0D2843F78D6B36AD73B2C7606 {
   "code": "Digit6",
   "key": "6",
   "modifiers": 0,
   "text": "6",
   "type": "rawKeyDown",
   "unmodifiedText": "6",
   "windowsVirtualKeyCode": 54
}
[1618634683.998][DEBUG]: DevTools WebSocket Command: Input.dispatchKeyEvent (id=54) D29DFEF0D2843F78D6B36AD73B2C7606 {
   "code": "Digit6",
   "key": "6",
   "modifiers": 0,
   "text": "6",
   "type": "char",
   "unmodifiedText": "6",
   "windowsVirtualKeyCode": 54
}
[1618634683.998][DEBUG]: DevTools WebSocket Command: Input.dispatchKeyEvent (id=55) D29DFEF0D2843F78D6B36AD73B2C7606 {
   "code": "Digit6",
   "key": "6",
   "modifiers": 0,
   "text": "6",
   "type": "keyUp",
   "unmodifiedText": "6",
   "windowsVirtualKeyCode": 54
}
[1618634683.999][DEBUG]: DevTools WebSocket Command: Input.dispatchKeyEvent (id=56) D29DFEF0D2843F78D6B36AD73B2C7606 {
   "code": "Space",
   "key": " ",
   "modifiers": 0,
   "text": " ",
   "type": "rawKeyDown",
   "unmodifiedText": " ",
   "windowsVirtualKeyCode": 32
}
[1618634683.999][DEBUG]: DevTools WebSocket Command: Input.dispatchKeyEvent (id=57) D29DFEF0D2843F78D6B36AD73B2C7606 {
   "code": "Space",
   "key": " ",
   "modifiers": 0,
   "text": " ",
   "type": "char",
   "unmodifiedText": " ",
   "windowsVirtualKeyCode": 32
}
[1618634683.999][DEBUG]: DevTools WebSocket Command: Input.dispatchKeyEvent (id=58) D29DFEF0D2843F78D6B36AD73B2C7606 {
   "code": "Space",
   "key": " ",
   "modifiers": 0,
   "text": " ",
   "type": "keyUp",
   "unmodifiedText": " ",
   "windowsVirtualKeyCode": 32
}
[1618634684.000][DEBUG]: DevTools WebSocket Command: Input.dispatchKeyEvent (id=59) D29DFEF0D2843F78D6B36AD73B2C7606 {
   "code": "KeyC",
   "key": "c",
   "modifiers": 0,
   "text": "c",
   "type": "rawKeyDown",
   "unmodifiedText": "c",
   "windowsVirtualKeyCode": 67
}
[1618634684.000][DEBUG]: DevTools WebSocket Command: Input.dispatchKeyEvent (id=60) D29DFEF0D2843F78D6B36AD73B2C7606 {
   "code": "KeyC",
   "key": "c",
   "modifiers": 0,
   "text": "c",
   "type": "char",
   "unmodifiedText": "c",
   "windowsVirtualKeyCode": 67
}
[1618634684.001][DEBUG]: DevTools WebSocket Command: Input.dispatchKeyEvent (id=61) D29DFEF0D2843F78D6B36AD73B2C7606 {
   "code": "KeyC",
   "key": "c",
   "modifiers": 0,
   "text": "c",
   "type": "keyUp",
   "unmodifiedText": "c",
   "windowsVirtualKeyCode": 67
}
[1618634684.002][DEBUG]: DevTools WebSocket Command: Input.dispatchKeyEvent (id=62) D29DFEF0D2843F78D6B36AD73B2C7606 {
   "code": "KeyA",
   "key": "a",
   "modifiers": 0,
   "text": "a",
   "type": "rawKeyDown",
   "unmodifiedText": "a",
   "windowsVirtualKeyCode": 65
}
[1618634684.002][DEBUG]: DevTools WebSocket Command: Input.dispatchKeyEvent (id=63) D29DFEF0D2843F78D6B36AD73B2C7606 {
   "code": "KeyA",
   "key": "a",
   "modifiers": 0,
   "text": "a",
   "type": "char",
   "unmodifiedText": "a",
   "windowsVirtualKeyCode": 65
}
[1618634684.003][DEBUG]: DevTools WebSocket Command: Input.dispatchKeyEvent (id=64) D29DFEF0D2843F78D6B36AD73B2C7606 {
   "code": "KeyA",
   "key": "a",
   "modifiers": 0,
   "text": "a",
   "type": "keyUp",
   "unmodifiedText": "a",
   "windowsVirtualKeyCode": 65
}
[1618634684.003][DEBUG]: DevTools WebSocket Command: Input.dispatchKeyEvent (id=65) D29DFEF0D2843F78D6B36AD73B2C7606 {
   "code": "KeyV",
   "key": "v",
   "modifiers": 0,
   "text": "v",
   "type": "rawKeyDown",
   "unmodifiedText": "v",
   "windowsVirtualKeyCode": 86
}
[1618634684.003][DEBUG]: DevTools WebSocket Command: Input.dispatchKeyEvent (id=66) D29DFEF0D2843F78D6B36AD73B2C7606 {
   "code": "KeyV",
   "key": "v",
   "modifiers": 0,
   "text": "v",
   "type": "char",
   "unmodifiedText": "v",
   "windowsVirtualKeyCode": 86
}
[1618634684.004][DEBUG]: DevTools WebSocket Command: Input.dispatchKeyEvent (id=67) D29DFEF0D2843F78D6B36AD73B2C7606 {
   "code": "KeyV",
   "key": "v",
   "modifiers": 0,
   "text": "v",
   "type": "keyUp",
   "unmodifiedText": "v",
   "windowsVirtualKeyCode": 86
}
[1618634684.004][DEBUG]: DevTools WebSocket Command: Input.dispatchKeyEvent (id=68) D29DFEF0D2843F78D6B36AD73B2C7606 {
   "code": "KeyA",
   "key": "a",
   "modifiers": 0,
   "text": "a",
   "type": "rawKeyDown",
   "unmodifiedText": "a",
   "windowsVirtualKeyCode": 65
}
[1618634684.004][DEBUG]: DevTools WebSocket Command: Input.dispatchKeyEvent (id=69) D29DFEF0D2843F78D6B36AD73B2C7606 {
   "code": "KeyA",
   "key": "a",
   "modifiers": 0,
   "text": "a",
   "type": "char",
   "unmodifiedText": "a",
   "windowsVirtualKeyCode": 65
}
[1618634684.005][DEBUG]: DevTools WebSocket Command: Input.dispatchKeyEvent (id=70) D29DFEF0D2843F78D6B36AD73B2C7606 {
   "code": "KeyA",
   "key": "a",
   "modifiers": 0,
   "text": "a",
   "type": "keyUp",
   "unmodifiedText": "a",
   "windowsVirtualKeyCode": 65
}
[1618634684.005][DEBUG]: DevTools WebSocket Command: Input.dispatchKeyEvent (id=71) D29DFEF0D2843F78D6B36AD73B2C7606 {
   "code": "KeyL",
   "key": "l",
   "modifiers": 0,
   "text": "l",
   "type": "rawKeyDown",
   "unmodifiedText": "l",
   "windowsVirtualKeyCode": 76
}
[1618634684.006][DEBUG]: DevTools WebSocket Command: Input.dispatchKeyEvent (id=72) D29DFEF0D2843F78D6B36AD73B2C7606 {
   "code": "KeyL",
   "key": "l",
   "modifiers": 0,
   "text": "l",
   "type": "char",
   "unmodifiedText": "l",
   "windowsVirtualKeyCode": 76
}
[1618634684.006][DEBUG]: DevTools WebSocket Command: Input.dispatchKeyEvent (id=73) D29DFEF0D2843F78D6B36AD73B2C7606 {
   "code": "KeyL",
   "key": "l",
   "modifiers": 0,
   "text": "l",
   "type": "keyUp",
   "unmodifiedText": "l",
   "windowsVirtualKeyCode": 76
}
[1618634684.008][DEBUG]: DevTools WebSocket Command: Input.dispatchKeyEvent (id=74) D29DFEF0D2843F78D6B36AD73B2C7606 {
   "code": "KeyI",
   "key": "i",
   "modifiers": 0,
   "text": "i",
   "type": "rawKeyDown",
   "unmodifiedText": "i",
   "windowsVirtualKeyCode": 73
}
[1618634684.008][DEBUG]: DevTools WebSocket Command: Input.dispatchKeyEvent (id=75) D29DFEF0D2843F78D6B36AD73B2C7606 {
   "code": "KeyI",
   "key": "i",
   "modifiers": 0,
   "text": "i",
   "type": "char",
   "unmodifiedText": "i",
   "windowsVirtualKeyCode": 73
}
[1618634684.009][DEBUG]: DevTools WebSocket Command: Input.dispatchKeyEvent (id=76) D29DFEF0D2843F78D6B36AD73B2C7606 {
   "code": "KeyI",
   "key": "i",
   "modifiers": 0,
   "text": "i",
   "type": "keyUp",
   "unmodifiedText": "i",
   "windowsVirtualKeyCode": 73
}
[1618634684.010][DEBUG]: DevTools WebSocket Command: Input.dispatchKeyEvent (id=77) D29DFEF0D2843F78D6B36AD73B2C7606 {
   "code": "KeyE",
   "key": "e",
   "modifiers": 0,
   "text": "e",
   "type": "rawKeyDown",
   "unmodifiedText": "e",
   "windowsVirtualKeyCode": 69
}
[1618634684.011][DEBUG]: DevTools WebSocket Command: Input.dispatchKeyEvent (id=78) D29DFEF0D2843F78D6B36AD73B2C7606 {
   "code": "KeyE",
   "key": "e",
   "modifiers": 0,
   "text": "e",
   "type": "char",
   "unmodifiedText": "e",
   "windowsVirtualKeyCode": 69
}
[1618634684.012][DEBUG]: DevTools WebSocket Command: Input.dispatchKeyEvent (id=79) D29DFEF0D2843F78D6B36AD73B2C7606 {
   "code": "KeyE",
   "key": "e",
   "modifiers": 0,
   "text": "e",
   "type": "keyUp",
   "unmodifiedText": "e",
   "windowsVirtualKeyCode": 69
}
[1618634684.012][DEBUG]: DevTools WebSocket Command: Input.dispatchKeyEvent (id=80) D29DFEF0D2843F78D6B36AD73B2C7606 {
   "code": "KeyR",
   "key": "r",
   "modifiers": 0,
   "text": "r",
   "type": "rawKeyDown",
   "unmodifiedText": "r",
   "windowsVirtualKeyCode": 82
}
[1618634684.013][DEBUG]: DevTools WebSocket Command: Input.dispatchKeyEvent (id=81) D29DFEF0D2843F78D6B36AD73B2C7606 {
   "code": "KeyR",
   "key": "r",
   "modifiers": 0,
   "text": "r",
   "type": "char",
   "unmodifiedText": "r",
   "windowsVirtualKeyCode": 82
}
[1618634684.013][DEBUG]: DevTools WebSocket Command: Input.dispatchKeyEvent (id=82) D29DFEF0D2843F78D6B36AD73B2C7606 {
   "code": "KeyR",
   "key": "r",
   "modifiers": 0,
   "text": "r",
   "type": "keyUp",
   "unmodifiedText": "r",
   "windowsVirtualKeyCode": 82
}
[1618634684.014][DEBUG]: DevTools WebSocket Command: Input.dispatchKeyEvent (id=83) D29DFEF0D2843F78D6B36AD73B2C7606 {
   "code": "Space",
   "key": " ",
   "modifiers": 0,
   "text": " ",
   "type": "rawKeyDown",
   "unmodifiedText": " ",
   "windowsVirtualKeyCode": 32
}
[1618634684.015][DEBUG]: DevTools WebSocket Command: Input.dispatchKeyEvent (id=84) D29DFEF0D2843F78D6B36AD73B2C7606 {
   "code": "Space",
   "key": " ",
   "modifiers": 0,
   "text": " ",
   "type": "char",
   "unmodifiedText": " ",
   "windowsVirtualKeyCode": 32
}
[1618634684.016][DEBUG]: DevTools WebSocket Command: Input.dispatchKeyEvent (id=85) D29DFEF0D2843F78D6B36AD73B2C7606 {
   "code": "Space",
   "key": " ",
   "modifiers": 0,
   "text": " ",
   "type": "keyUp",
   "unmodifiedText": " ",
   "windowsVirtualKeyCode": 32
}
[1618634684.016][DEBUG]: DevTools WebSocket Command: Input.dispatchKeyEvent (id=86) D29DFEF0D2843F78D6B36AD73B2C7606 {
   "code": "KeyD",
   "key": "d",
   "modifiers": 0,
   "text": "d",
   "type": "rawKeyDown",
   "unmodifiedText": "d",
   "windowsVirtualKeyCode": 68
}
[1618634684.016][DEBUG]: DevTools WebSocket Command: Input.dispatchKeyEvent (id=87) D29DFEF0D2843F78D6B36AD73B2C7606 {
   "code": "KeyD",
   "key": "d",
   "modifiers": 0,
   "text": "d",
   "type": "char",
   "unmodifiedText": "d",
   "windowsVirtualKeyCode": 68
}
[1618634684.018][DEBUG]: DevTools WebSocket Command: Input.dispatchKeyEvent (id=88) D29DFEF0D2843F78D6B36AD73B2C7606 {
   "code": "KeyD",
   "key": "d",
   "modifiers": 0,
   "text": "d",
   "type": "keyUp",
   "unmodifiedText": "d",
   "windowsVirtualKeyCode": 68
}
[1618634684.018][DEBUG]: DevTools WebSocket Command: Input.dispatchKeyEvent (id=89) D29DFEF0D2843F78D6B36AD73B2C7606 {
   "code": "KeyR",
   "key": "r",
   "modifiers": 0,
   "text": "r",
   "type": "rawKeyDown",
   "unmodifiedText": "r",
   "windowsVirtualKeyCode": 82
}
[1618634684.018][DEBUG]: DevTools WebSocket Command: Input.dispatchKeyEvent (id=90) D29DFEF0D2843F78D6B36AD73B2C7606 {
   "code": "KeyR",
   "key": "r",
   "modifiers": 0,
   "text": "r",
   "type": "char",
   "unmodifiedText": "r",
   "windowsVirtualKeyCode": 82
}
[1618634684.021][DEBUG]: DevTools WebSocket Command: Input.dispatchKeyEvent (id=91) D29DFEF0D2843F78D6B36AD73B2C7606 {
   "code": "KeyR",
   "key": "r",
   "modifiers": 0,
   "text": "r",
   "type": "keyUp",
   "unmodifiedText": "r",
   "windowsVirtualKeyCode": 82
}
[1618634684.022][DEBUG]: DevTools WebSocket Command: Input.dispatchKeyEvent (id=92) D29DFEF0D2843F78D6B36AD73B2C7606 {
   "code": "Enter",
   "key": "Enter",
   "modifiers": 0,
   "text": "\r",
   "type": "rawKeyDown",
   "unmodifiedText": "\r",
   "windowsVirtualKeyCode": 13
}
[1618634684.022][DEBUG]: DevTools WebSocket Command: Input.dispatchKeyEvent (id=93) D29DFEF0D2843F78D6B36AD73B2C7606 {
   "code": "Enter",
   "key": "Enter",
   "modifiers": 0,
   "text": "\r",
   "type": "char",
   "unmodifiedText": "\r",
   "windowsVirtualKeyCode": 13
}
[1618634684.023][DEBUG]: DevTools WebSocket Command: Input.dispatchKeyEvent (id=94) D29DFEF0D2843F78D6B36AD73B2C7606 {
   "code": "Enter",
   "key": "Enter",
   "modifiers": 0,
   "text": "\r",
   "type": "keyUp",
   "unmodifiedText": "\r",
   "windowsVirtualKeyCode": 13
}
[1618634684.024][DEBUG]: DevTools WebSocket Response: Input.dispatchKeyEvent (id=44) D29DFEF0D2843F78D6B36AD73B2C7606 {

}
[1618634684.032][DEBUG]: DevTools WebSocket Response: Input.dispatchKeyEvent (id=45) D29DFEF0D2843F78D6B36AD73B2C7606 {

}
[1618634684.032][DEBUG]: DevTools WebSocket Response: Input.dispatchKeyEvent (id=46) D29DFEF0D2843F78D6B36AD73B2C7606 {

}
[1618634684.033][DEBUG]: DevTools WebSocket Response: Input.dispatchKeyEvent (id=47) D29DFEF0D2843F78D6B36AD73B2C7606 {

}
[1618634684.038][DEBUG]: DevTools WebSocket Response: Input.dispatchKeyEvent (id=48) D29DFEF0D2843F78D6B36AD73B2C7606 {

}
[1618634684.038][DEBUG]: DevTools WebSocket Response: Input.dispatchKeyEvent (id=49) D29DFEF0D2843F78D6B36AD73B2C7606 {

}
[1618634684.039][DEBUG]: DevTools WebSocket Response: Input.dispatchKeyEvent (id=50) D29DFEF0D2843F78D6B36AD73B2C7606 {

}
[1618634684.041][DEBUG]: DevTools WebSocket Response: Input.dispatchKeyEvent (id=51) D29DFEF0D2843F78D6B36AD73B2C7606 {

}
[1618634684.042][DEBUG]: DevTools WebSocket Response: Input.dispatchKeyEvent (id=52) D29DFEF0D2843F78D6B36AD73B2C7606 {

}
[1618634684.043][DEBUG]: DevTools WebSocket Response: Input.dispatchKeyEvent (id=53) D29DFEF0D2843F78D6B36AD73B2C7606 {

}
[1618634684.047][DEBUG]: DevTools WebSocket Response: Input.dispatchKeyEvent (id=54) D29DFEF0D2843F78D6B36AD73B2C7606 {

}
[1618634684.048][DEBUG]: DevTools WebSocket Response: Input.dispatchKeyEvent (id=55) D29DFEF0D2843F78D6B36AD73B2C7606 {

}
[1618634684.049][DEBUG]: DevTools WebSocket Response: Input.dispatchKeyEvent (id=56) D29DFEF0D2843F78D6B36AD73B2C7606 {

}
[1618634684.051][DEBUG]: DevTools WebSocket Response: Input.dispatchKeyEvent (id=57) D29DFEF0D2843F78D6B36AD73B2C7606 {

}
[1618634684.053][DEBUG]: DevTools WebSocket Response: Input.dispatchKeyEvent (id=58) D29DFEF0D2843F78D6B36AD73B2C7606 {

}
[1618634684.054][DEBUG]: DevTools WebSocket Response: Input.dispatchKeyEvent (id=59) D29DFEF0D2843F78D6B36AD73B2C7606 {

}
[1618634684.056][DEBUG]: DevTools WebSocket Response: Input.dispatchKeyEvent (id=60) D29DFEF0D2843F78D6B36AD73B2C7606 {

}
[1618634684.056][DEBUG]: DevTools WebSocket Response: Input.dispatchKeyEvent (id=61) D29DFEF0D2843F78D6B36AD73B2C7606 {

}
[1618634684.058][DEBUG]: DevTools WebSocket Response: Input.dispatchKeyEvent (id=62) D29DFEF0D2843F78D6B36AD73B2C7606 {

}
[1618634684.060][DEBUG]: DevTools WebSocket Response: Input.dispatchKeyEvent (id=63) D29DFEF0D2843F78D6B36AD73B2C7606 {

}
[1618634684.060][DEBUG]: DevTools WebSocket Response: Input.dispatchKeyEvent (id=64) D29DFEF0D2843F78D6B36AD73B2C7606 {

}
[1618634684.061][DEBUG]: DevTools WebSocket Response: Input.dispatchKeyEvent (id=65) D29DFEF0D2843F78D6B36AD73B2C7606 {

}
[1618634684.064][DEBUG]: DevTools WebSocket Response: Input.dispatchKeyEvent (id=66) D29DFEF0D2843F78D6B36AD73B2C7606 {

}
[1618634684.065][DEBUG]: DevTools WebSocket Response: Input.dispatchKeyEvent (id=67) D29DFEF0D2843F78D6B36AD73B2C7606 {

}
[1618634684.066][DEBUG]: DevTools WebSocket Response: Input.dispatchKeyEvent (id=68) D29DFEF0D2843F78D6B36AD73B2C7606 {

}
[1618634684.068][DEBUG]: DevTools WebSocket Response: Input.dispatchKeyEvent (id=69) D29DFEF0D2843F78D6B36AD73B2C7606 {

}
[1618634684.069][DEBUG]: DevTools WebSocket Response: Input.dispatchKeyEvent (id=70) D29DFEF0D2843F78D6B36AD73B2C7606 {

}
[1618634684.069][DEBUG]: DevTools WebSocket Response: Input.dispatchKeyEvent (id=71) D29DFEF0D2843F78D6B36AD73B2C7606 {

}
[1618634684.072][DEBUG]: DevTools WebSocket Response: Input.dispatchKeyEvent (id=72) D29DFEF0D2843F78D6B36AD73B2C7606 {

}
[1618634684.073][DEBUG]: DevTools WebSocket Response: Input.dispatchKeyEvent (id=73) D29DFEF0D2843F78D6B36AD73B2C7606 {

}
[1618634684.074][DEBUG]: DevTools WebSocket Response: Input.dispatchKeyEvent (id=74) D29DFEF0D2843F78D6B36AD73B2C7606 {

}
[1618634684.077][DEBUG]: DevTools WebSocket Response: Input.dispatchKeyEvent (id=75) D29DFEF0D2843F78D6B36AD73B2C7606 {

}
[1618634684.078][DEBUG]: DevTools WebSocket Response: Input.dispatchKeyEvent (id=76) D29DFEF0D2843F78D6B36AD73B2C7606 {

}
[1618634684.079][DEBUG]: DevTools WebSocket Response: Input.dispatchKeyEvent (id=77) D29DFEF0D2843F78D6B36AD73B2C7606 {

}
[1618634684.082][DEBUG]: DevTools WebSocket Response: Input.dispatchKeyEvent (id=78) D29DFEF0D2843F78D6B36AD73B2C7606 {

}
[1618634684.083][DEBUG]: DevTools WebSocket Response: Input.dispatchKeyEvent (id=79) D29DFEF0D2843F78D6B36AD73B2C7606 {

}
[1618634684.084][DEBUG]: DevTools WebSocket Response: Input.dispatchKeyEvent (id=80) D29DFEF0D2843F78D6B36AD73B2C7606 {

}
[1618634684.086][DEBUG]: DevTools WebSocket Response: Input.dispatchKeyEvent (id=81) D29DFEF0D2843F78D6B36AD73B2C7606 {

}
[1618634684.086][DEBUG]: DevTools WebSocket Response: Input.dispatchKeyEvent (id=82) D29DFEF0D2843F78D6B36AD73B2C7606 {

}
[1618634684.087][DEBUG]: DevTools WebSocket Response: Input.dispatchKeyEvent (id=83) D29DFEF0D2843F78D6B36AD73B2C7606 {

}
[1618634684.090][DEBUG]: DevTools WebSocket Response: Input.dispatchKeyEvent (id=84) D29DFEF0D2843F78D6B36AD73B2C7606 {

}
[1618634684.090][DEBUG]: DevTools WebSocket Response: Input.dispatchKeyEvent (id=85) D29DFEF0D2843F78D6B36AD73B2C7606 {

}
[1618634684.091][DEBUG]: DevTools WebSocket Response: Input.dispatchKeyEvent (id=86) D29DFEF0D2843F78D6B36AD73B2C7606 {

}
[1618634684.094][DEBUG]: DevTools WebSocket Response: Input.dispatchKeyEvent (id=87) D29DFEF0D2843F78D6B36AD73B2C7606 {

}
[1618634684.094][DEBUG]: DevTools WebSocket Response: Input.dispatchKeyEvent (id=88) D29DFEF0D2843F78D6B36AD73B2C7606 {

}
[1618634684.096][DEBUG]: DevTools WebSocket Response: Input.dispatchKeyEvent (id=89) D29DFEF0D2843F78D6B36AD73B2C7606 {

}
[1618634684.099][DEBUG]: DevTools WebSocket Response: Input.dispatchKeyEvent (id=90) D29DFEF0D2843F78D6B36AD73B2C7606 {

}
[1618634684.099][DEBUG]: DevTools WebSocket Response: Input.dispatchKeyEvent (id=91) D29DFEF0D2843F78D6B36AD73B2C7606 {

}
[1618634684.100][DEBUG]: DevTools WebSocket Response: Input.dispatchKeyEvent (id=92) D29DFEF0D2843F78D6B36AD73B2C7606 {

}
[1618634684.103][DEBUG]: DevTools WebSocket Response: Input.dispatchKeyEvent (id=93) D29DFEF0D2843F78D6B36AD73B2C7606 {

}
[1618634684.105][DEBUG]: DevTools WebSocket Response: Input.dispatchKeyEvent (id=94) D29DFEF0D2843F78D6B36AD73B2C7606 {

}
[1618634684.105][INFO]: Waiting for pending navigations...
[1618634684.105][DEBUG]: DevTools WebSocket Command: Runtime.evaluate (id=95) D29DFEF0D2843F78D6B36AD73B2C7606 {
   "expression": "1"
}
[1618634684.118][DEBUG]: DevTools WebSocket Event: Page.frameScheduledNavigation D29DFEF0D2843F78D6B36AD73B2C7606 {
   "delay": 0,
   "frameId": "D29DFEF0D2843F78D6B36AD73B2C7606",
   "reason": "formSubmissionGet",
   "url": "https://www.google.com/search?q=1216+cavalier+dr&source=hp&ei=umd6YP-iN8e7tQafiJDoAw&iflsig=AINFCbYAAAAAYHp1yiQGEa5U2Bcj1hHEu9wfBfYruiv1&oq=1216+cavalier+dr&gs_lcp=Cgdnd3Mtd2l6EANQ4gVYpwZgqwZoAHAAe..."
}
[1618634684.118][DEBUG]: DevTools WebSocket Event: Page.frameRequestedNavigation D29DFEF0D2843F78D6B36AD73B2C7606 {
   "disposition": "currentTab",
   "frameId": "D29DFEF0D2843F78D6B36AD73B2C7606",
   "reason": "formSubmissionGet",
   "url": "https://www.google.com/search?q=1216+cavalier+dr&source=hp&ei=umd6YP-iN8e7tQafiJDoAw&iflsig=AINFCbYAAAAAYHp1yiQGEa5U2Bcj1hHEu9wfBfYruiv1&oq=1216+cavalier+dr&gs_lcp=Cgdnd3Mtd2l6EANQ4gVYpwZgqwZoAHAAe..."
}
[1618634684.127][DEBUG]: DevTools WebSocket Event: Page.frameStartedLoading D29DFEF0D2843F78D6B36AD73B2C7606 {
   "frameId": "D29DFEF0D2843F78D6B36AD73B2C7606"
}
[1618634684.140][DEBUG]: DevTools WebSocket Event: Page.frameClearedScheduledNavigation D29DFEF0D2843F78D6B36AD73B2C7606 {
   "frameId": "D29DFEF0D2843F78D6B36AD73B2C7606"
}
[1618634684.140][DEBUG]: DevTools WebSocket Response: Runtime.evaluate (id=95) D29DFEF0D2843F78D6B36AD73B2C7606 {
   "result": {
      "description": "1",
      "type": "number",
      "value": 1
   }
}
[1618634684.442][DEBUG]: DevTools WebSocket Event: DOM.childNodeCountUpdated D29DFEF0D2843F78D6B36AD73B2C7606 {
   "childNodeCount": 10,
   "nodeId": 10
}
[1618634684.442][DEBUG]: DevTools WebSocket Event: DOM.childNodeCountUpdated D29DFEF0D2843F78D6B36AD73B2C7606 {
   "childNodeCount": 9,
   "nodeId": 10
}
[1618634684.442][DEBUG]: DevTools WebSocket Command: Runtime.evaluate (id=96) D29DFEF0D2843F78D6B36AD73B2C7606 {
   "expression": "1"
}
[1618634684.448][DEBUG]: DevTools WebSocket Event: DOM.childNodeCountUpdated D29DFEF0D2843F78D6B36AD73B2C7606 {
   "childNodeCount": 10,
   "nodeId": 10
}
[1618634684.448][DEBUG]: DevTools WebSocket Event: DOM.childNodeCountUpdated D29DFEF0D2843F78D6B36AD73B2C7606 {
   "childNodeCount": 9,
   "nodeId": 10
}
[1618634684.484][DEBUG]: DevTools WebSocket Event: Runtime.executionContextsCleared D29DFEF0D2843F78D6B36AD73B2C7606 {

}
[1618634684.485][DEBUG]: DevTools WebSocket Event: Page.frameNavigated D29DFEF0D2843F78D6B36AD73B2C7606 {
   "frame": {
      "adFrameType": "none",
      "crossOriginIsolatedContextType": "NotIsolated",
      "domainAndRegistry": "google.com",
      "gatedAPIFeatures": [ "SharedArrayBuffers", "SharedArrayBuffersTransferAllowed" ],
      "id": "D29DFEF0D2843F78D6B36AD73B2C7606",
      "loaderId": "58349B84FB15A34D80D5191B44E89E09",
      "mimeType": "text/html",
      "secureContextType": "Secure",
      "securityOrigin": "https://www.google.com",
      "url": "https://www.google.com/search?q=1216+cavalier+dr&source=hp&ei=umd6YP-iN8e7tQafiJDoAw&iflsig=AINFCbYAAAAAYHp1yiQGEa5U2Bcj1hHEu9wfBfYruiv1&oq=1216+cavalier+dr&gs_lcp=Cgdnd3Mtd2l6EANQ4gVYpwZgqwZoAHAAe..."
   }
}
[1618634684.485][DEBUG]: DevTools WebSocket Event: Runtime.executionContextCreated D29DFEF0D2843F78D6B36AD73B2C7606 {
   "context": {
      "auxData": {
         "frameId": "D29DFEF0D2843F78D6B36AD73B2C7606",
         "isDefault": true,
         "type": "default"
      },
      "id": 2,
      "name": "",
      "origin": "https://www.google.com",
      "uniqueId": "3403145132310727990.584641272560873389"
   }
}
[1618634684.485][DEBUG]: DevTools WebSocket Event: DOM.documentUpdated D29DFEF0D2843F78D6B36AD73B2C7606 {

}
[1618634684.485][DEBUG]: DevTools WebSocket Command: DOM.getDocument (id=97) D29DFEF0D2843F78D6B36AD73B2C7606 {

}
[1618634684.486][DEBUG]: DevTools WebSocket Response: Runtime.evaluate (id=96) D29DFEF0D2843F78D6B36AD73B2C7606 {
   "result": {
      "description": "1",
      "type": "number",
      "value": 1
   }
}
[1618634684.491][DEBUG]: DevTools WebSocket Response: DOM.getDocument (id=97) D29DFEF0D2843F78D6B36AD73B2C7606 {
   "root": {
      "backendNodeId": 37,
      "baseURL": "https://www.google.com/search?q=1216+cavalier+dr&source=hp&ei=umd6YP-iN8e7tQafiJDoAw&iflsig=AINFCbYAAAAAYHp1yiQGEa5U2Bcj1hHEu9wfBfYruiv1&oq=1216+cavalier+dr&gs_lcp=Cgdnd3Mtd2l6EANQ4gVYpwZgqwZoAHAAe...",
      "childNodeCount": 0,
      "children": [  ],
      "documentURL": "https://www.google.com/search?q=1216+cavalier+dr&source=hp&ei=umd6YP-iN8e7tQafiJDoAw&iflsig=AINFCbYAAAAAYHp1yiQGEa5U2Bcj1hHEu9wfBfYruiv1&oq=1216+cavalier+dr&gs_lcp=Cgdnd3Mtd2l6EANQ4gVYpwZgqwZoAHAAe...",
      "localName": "",
      "nodeId": 11,
      "nodeName": "#document",
      "nodeType": 9,
      "nodeValue": "",
      "xmlVersion": ""
   }
}
[1618634684.491][DEBUG]: DevTools WebSocket Command: Runtime.evaluate (id=98) D29DFEF0D2843F78D6B36AD73B2C7606 {
   "expression": "1"
}
[1618634684.532][DEBUG]: DevTools WebSocket Event: DOM.childNodeInserted D29DFEF0D2843F78D6B36AD73B2C7606 {
   "node": {
      "backendNodeId": 38,
      "localName": "",
      "nodeId": 12,
      "nodeName": "html",
      "nodeType": 10,
      "nodeValue": "",
      "publicId": "",
      "systemId": ""
   },
   "parentNodeId": 11,
   "previousNodeId": 0
}
[1618634684.533][DEBUG]: DevTools WebSocket Event: DOM.childNodeInserted D29DFEF0D2843F78D6B36AD73B2C7606 {
   "node": {
      "attributes": [ "itemscope", "", "itemtype", "http://schema.org/SearchResultsPage", "lang", "en" ],
      "backendNodeId": 39,
      "childNodeCount": 0,
      "frameId": "D29DFEF0D2843F78D6B36AD73B2C7606",
      "localName": "html",
      "nodeId": 13,
      "nodeName": "HTML",
      "nodeType": 1,
      "nodeValue": ""
   },
   "parentNodeId": 11,
   "previousNodeId": 12
}
[1618634684.533][DEBUG]: DevTools WebSocket Event: DOM.childNodeCountUpdated D29DFEF0D2843F78D6B36AD73B2C7606 {
   "childNodeCount": 1,
   "nodeId": 13
}
[1618634684.534][DEBUG]: DevTools WebSocket Event: DOM.childNodeCountUpdated D29DFEF0D2843F78D6B36AD73B2C7606 {
   "childNodeCount": 2,
   "nodeId": 13
}
[1618634684.554][DEBUG]: DevTools WebSocket Response: Runtime.evaluate (id=98) D29DFEF0D2843F78D6B36AD73B2C7606 {
   "result": {
      "description": "1",
      "type": "number",
      "value": 1
   }
}
[1618634684.678][DEBUG]: DevTools WebSocket Event: Page.frameResized D29DFEF0D2843F78D6B36AD73B2C7606 {

}
[1618634684.678][DEBUG]: DevTools WebSocket Command: Runtime.evaluate (id=99) D29DFEF0D2843F78D6B36AD73B2C7606 {
   "expression": "1"
}
[1618634684.679][DEBUG]: DevTools WebSocket Response: Runtime.evaluate (id=99) D29DFEF0D2843F78D6B36AD73B2C7606 {
   "result": {
      "description": "1",
      "type": "number",
      "value": 1
   }
}
[1618634684.886][DEBUG]: DevTools WebSocket Event: DOM.documentUpdated D29DFEF0D2843F78D6B36AD73B2C7606 {

}
[1618634684.886][DEBUG]: DevTools WebSocket Command: DOM.getDocument (id=100) D29DFEF0D2843F78D6B36AD73B2C7606 {

}
[1618634684.886][DEBUG]: DevTools WebSocket Event: Page.domContentEventFired D29DFEF0D2843F78D6B36AD73B2C7606 {
   "timestamp": 76505.220612
}
[1618634684.886][DEBUG]: DevTools WebSocket Command: Runtime.evaluate (id=101) D29DFEF0D2843F78D6B36AD73B2C7606 {
   "expression": "1"
}
[1618634684.887][DEBUG]: DevTools WebSocket Response: DOM.getDocument (id=100) D29DFEF0D2843F78D6B36AD73B2C7606 {
   "root": {
      "backendNodeId": 37,
      "baseURL": "https://www.google.com/search?q=1216+cavalier+dr&source=hp&ei=umd6YP-iN8e7tQafiJDoAw&iflsig=AINFCbYAAAAAYHp1yiQGEa5U2Bcj1hHEu9wfBfYruiv1&oq=1216+cavalier+dr&gs_lcp=Cgdnd3Mtd2l6EANQ4gVYpwZgqwZoAHAAe...",
      "childNodeCount": 2,
      "children": [ {
         "backendNodeId": 38,
         "localName": "",
         "nodeId": 15,
         "nodeName": "html",
         "nodeType": 10,
         "nodeValue": "",
         "parentId": 14,
         "publicId": "",
         "systemId": ""
      }, {
         "attributes": [ "itemscope", "", "itemtype", "http://schema.org/SearchResultsPage", "lang", "en" ],
         "backendNodeId": 39,
         "childNodeCount": 2,
         "children": [ {
            "attributes": [  ],
            "backendNodeId": 63,
            "childNodeCount": 9,
            "localName": "head",
            "nodeId": 17,
            "nodeName": "HEAD",
            "nodeType": 1,
            "nodeValue": "",
            "parentId": 16
         }, {
            "attributes": [ "jsmodel", "TvHxbe", "class", "srp vasq wf-b", "jscontroller", "aCZVp", "marginheight", "3", "topmargin", "3", "jsaction", "rcuQ6b:npT2md", "id", "gsr" ],
            "backendNodeId": 64,
            "childNodeCount": 23,
            "localName": "body",
            "nodeId": 18,
            "nodeName": "BODY",
            "nodeType": 1,
            "nodeValue": "",
            "parentId": 16
         } ],
         "frameId": "D29DFEF0D2843F78D6B36AD73B2C7606",
         "localName": "html",
         "nodeId": 16,
         "nodeName": "HTML",
         "nodeType": 1,
         "nodeValue": "",
         "parentId": 14
      } ],
      "documentURL": "https://www.google.com/search?q=1216+cavalier+dr&source=hp&ei=umd6YP-iN8e7tQafiJDoAw&iflsig=AINFCbYAAAAAYHp1yiQGEa5U2Bcj1hHEu9wfBfYruiv1&oq=1216+cavalier+dr&gs_lcp=Cgdnd3Mtd2l6EANQ4gVYpwZgqwZoAHAAe...",
      "localName": "",
      "nodeId": 14,
      "nodeName": "#document",
      "nodeType": 9,
      "nodeValue": "",
      "xmlVersion": ""
   }
}
[1618634684.887][DEBUG]: DevTools WebSocket Response: Runtime.evaluate (id=101) D29DFEF0D2843F78D6B36AD73B2C7606 {
   "result": {
      "description": "1",
      "type": "number",
      "value": 1
   }
}
[1618634685.361][DEBUG]: DevTools WebSocket Event: Page.navigatedWithinDocument D29DFEF0D2843F78D6B36AD73B2C7606 {
   "frameId": "D29DFEF0D2843F78D6B36AD73B2C7606",
   "url": "https://www.google.com/search?q=1216+cavalier+dr&source=hp&ei=umd6YP-iN8e7tQafiJDoAw&iflsig=AINFCbYAAAAAYHp1yiQGEa5U2Bcj1hHEu9wfBfYruiv1&oq=1216+cavalier+dr&gs_lcp=Cgdnd3Mtd2l6EANQ4gVYpwZgqwZoAHAAe..."
}
[1618634685.361][DEBUG]: DevTools WebSocket Event: DOM.attributeModified D29DFEF0D2843F78D6B36AD73B2C7606 {
   "name": "jsaction",
   "nodeId": 18,
   "value": "rcuQ6b:npT2md;YUC7He:.CLIENT"
}
[1618634685.361][DEBUG]: DevTools WebSocket Command: Runtime.evaluate (id=102) D29DFEF0D2843F78D6B36AD73B2C7606 {
   "expression": "1"
}
[1618634685.419][DEBUG]: DevTools WebSocket Event: DOM.childNodeCountUpdated D29DFEF0D2843F78D6B36AD73B2C7606 {
   "childNodeCount": 24,
   "nodeId": 18
}
[1618634685.419][DEBUG]: DevTools WebSocket Event: DOM.attributeModified D29DFEF0D2843F78D6B36AD73B2C7606 {
   "name": "jsaction",
   "nodeId": 18,
   "value": "rcuQ6b:npT2md;YUC7He:.CLIENT;IVKTfe:.CLIENT"
}
[1618634685.419][DEBUG]: DevTools WebSocket Event: DOM.attributeModified D29DFEF0D2843F78D6B36AD73B2C7606 {
   "name": "jsaction",
   "nodeId": 18,
   "value": "rcuQ6b:npT2md;YUC7He:.CLIENT;IVKTfe:.CLIENT;HiCeld:.CLIENT"
}
[1618634685.419][DEBUG]: DevTools WebSocket Event: DOM.attributeModified D29DFEF0D2843F78D6B36AD73B2C7606 {
   "name": "jsaction",
   "nodeId": 18,
   "value": "rcuQ6b:npT2md;YUC7He:.CLIENT;IVKTfe:.CLIENT;HiCeld:.CLIENT;KsNBn:.CLIENT"
}
[1618634685.419][DEBUG]: DevTools WebSocket Event: DOM.attributeModified D29DFEF0D2843F78D6B36AD73B2C7606 {
   "name": "jsaction",
   "nodeId": 18,
   "value": "rcuQ6b:npT2md;YUC7He:.CLIENT;IVKTfe:.CLIENT;HiCeld:.CLIENT;KsNBn:.CLIENT;sbTXNb:.CLIENT"
}
[1618634685.419][DEBUG]: DevTools WebSocket Event: DOM.attributeModified D29DFEF0D2843F78D6B36AD73B2C7606 {
   "name": "jsaction",
   "nodeId": 18,
   "value": "rcuQ6b:npT2md;YUC7He:.CLIENT;IVKTfe:.CLIENT;HiCeld:.CLIENT;KsNBn:.CLIENT;sbTXNb:.CLIENT;xjhTIf:.CLIENT"
}
[1618634685.420][DEBUG]: DevTools WebSocket Event: DOM.attributeModified D29DFEF0D2843F78D6B36AD73B2C7606 {
   "name": "jsaction",
   "nodeId": 18,
   "value": "rcuQ6b:npT2md;YUC7He:.CLIENT;IVKTfe:.CLIENT;HiCeld:.CLIENT;KsNBn:.CLIENT;sbTXNb:.CLIENT;xjhTIf:.CLIENT;O2vyse:.CLIENT"
}
[1618634685.420][DEBUG]: DevTools WebSocket Event: DOM.attributeModified D29DFEF0D2843F78D6B36AD73B2C7606 {
   "name": "jsaction",
   "nodeId": 18,
   "value": "rcuQ6b:npT2md;YUC7He:.CLIENT;IVKTfe:.CLIENT;HiCeld:.CLIENT;KsNBn:.CLIENT;sbTXNb:.CLIENT;xjhTIf:.CLIENT;O2vyse:.CLIENT;Ez7VMc:.CLIENT"
}
[1618634685.420][DEBUG]: DevTools WebSocket Event: DOM.attributeModified D29DFEF0D2843F78D6B36AD73B2C7606 {
   "name": "jsaction",
   "nodeId": 18,
   "value": "rcuQ6b:npT2md;YUC7He:.CLIENT;IVKTfe:.CLIENT;HiCeld:.CLIENT;KsNBn:.CLIENT;sbTXNb:.CLIENT;xjhTIf:.CLIENT;O2vyse:.CLIENT;Ez7VMc:.CLIENT;hWT9Jb:.CLIENT"
}
[1618634685.420][DEBUG]: DevTools WebSocket Event: DOM.attributeModified D29DFEF0D2843F78D6B36AD73B2C7606 {
   "name": "jsaction",
   "nodeId": 18,
   "value": "rcuQ6b:npT2md;YUC7He:.CLIENT;IVKTfe:.CLIENT;HiCeld:.CLIENT;KsNBn:.CLIENT;sbTXNb:.CLIENT;xjhTIf:.CLIENT;O2vyse:.CLIENT;Ez7VMc:.CLIENT;hWT9Jb:.CLIENT;WCulWe:.CLIENT"
}
[1618634685.422][DEBUG]: DevTools WebSocket Event: DOM.attributeModified D29DFEF0D2843F78D6B36AD73B2C7606 {
   "name": "jsaction",
   "nodeId": 18,
   "value": "rcuQ6b:npT2md;YUC7He:.CLIENT;IVKTfe:.CLIENT;HiCeld:.CLIENT;KsNBn:.CLIENT;sbTXNb:.CLIENT;xjhTIf:.CLIENT;O2vyse:.CLIENT;Ez7VMc:.CLIENT;hWT9Jb:.CLIENT;WCulWe:.CLIENT;VM8bg:.CLIENT"
}
[1618634685.422][DEBUG]: DevTools WebSocket Event: DOM.attributeModified D29DFEF0D2843F78D6B36AD73B2C7606 {
   "name": "jsaction",
   "nodeId": 18,
   "value": "rcuQ6b:npT2md;YUC7He:.CLIENT;IVKTfe:.CLIENT;HiCeld:.CLIENT;KsNBn:.CLIENT;sbTXNb:.CLIENT;xjhTIf:.CLIENT;O2vyse:.CLIENT;Ez7VMc:.CLIENT;hWT9Jb:.CLIENT;WCulWe:.CLIENT;VM8bg:.CLIENT;qqf0n:.CLIENT"
}
[1618634685.422][DEBUG]: DevTools WebSocket Event: DOM.attributeModified D29DFEF0D2843F78D6B36AD73B2C7606 {
   "name": "jsaction",
   "nodeId": 18,
   "value": "rcuQ6b:npT2md;YUC7He:.CLIENT;IVKTfe:.CLIENT;HiCeld:.CLIENT;KsNBn:.CLIENT;sbTXNb:.CLIENT;xjhTIf:.CLIENT;O2vyse:.CLIENT;Ez7VMc:.CLIENT;hWT9Jb:.CLIENT;WCulWe:.CLIENT;VM8bg:.CLIENT;qqf0n:.CLIENT;me3ike..."
}
[1618634685.422][DEBUG]: DevTools WebSocket Event: DOM.attributeModified D29DFEF0D2843F78D6B36AD73B2C7606 {
   "name": "jsaction",
   "nodeId": 18,
   "value": "rcuQ6b:npT2md;YUC7He:.CLIENT;IVKTfe:.CLIENT;HiCeld:.CLIENT;KsNBn:.CLIENT;sbTXNb:.CLIENT;xjhTIf:.CLIENT;O2vyse:.CLIENT;Ez7VMc:.CLIENT;hWT9Jb:.CLIENT;WCulWe:.CLIENT;VM8bg:.CLIENT;qqf0n:.CLIENT;me3ike..."
}
[1618634685.422][DEBUG]: DevTools WebSocket Event: DOM.attributeModified D29DFEF0D2843F78D6B36AD73B2C7606 {
   "name": "jsaction",
   "nodeId": 18,
   "value": "rcuQ6b:npT2md;YUC7He:.CLIENT;IVKTfe:.CLIENT;HiCeld:.CLIENT;KsNBn:.CLIENT;sbTXNb:.CLIENT;xjhTIf:.CLIENT;O2vyse:.CLIENT;Ez7VMc:.CLIENT;hWT9Jb:.CLIENT;WCulWe:.CLIENT;VM8bg:.CLIENT;qqf0n:.CLIENT;me3ike..."
}
[1618634685.422][DEBUG]: DevTools WebSocket Event: DOM.attributeModified D29DFEF0D2843F78D6B36AD73B2C7606 {
   "name": "jsaction",
   "nodeId": 18,
   "value": "rcuQ6b:npT2md;YUC7He:.CLIENT;IVKTfe:.CLIENT;HiCeld:.CLIENT;KsNBn:.CLIENT;sbTXNb:.CLIENT;xjhTIf:.CLIENT;O2vyse:.CLIENT;Ez7VMc:.CLIENT;hWT9Jb:.CLIENT;WCulWe:.CLIENT;VM8bg:.CLIENT;qqf0n:.CLIENT;me3ike..."
}
[1618634685.422][DEBUG]: DevTools WebSocket Event: DOM.attributeModified D29DFEF0D2843F78D6B36AD73B2C7606 {
   "name": "jsaction",
   "nodeId": 18,
   "value": "rcuQ6b:npT2md;YUC7He:.CLIENT;IVKTfe:.CLIENT;HiCeld:.CLIENT;KsNBn:.CLIENT;sbTXNb:.CLIENT;xjhTIf:.CLIENT;O2vyse:.CLIENT;Ez7VMc:.CLIENT;hWT9Jb:.CLIENT;WCulWe:.CLIENT;VM8bg:.CLIENT;qqf0n:.CLIENT;me3ike..."
}
[1618634685.422][DEBUG]: DevTools WebSocket Event: DOM.attributeModified D29DFEF0D2843F78D6B36AD73B2C7606 {
   "name": "jsaction",
   "nodeId": 18,
   "value": "rcuQ6b:npT2md;YUC7He:.CLIENT;IVKTfe:.CLIENT;HiCeld:.CLIENT;KsNBn:.CLIENT;sbTXNb:.CLIENT;xjhTIf:.CLIENT;O2vyse:.CLIENT;Ez7VMc:.CLIENT;hWT9Jb:.CLIENT;WCulWe:.CLIENT;VM8bg:.CLIENT;qqf0n:.CLIENT;me3ike..."
}
[1618634685.422][DEBUG]: DevTools WebSocket Event: DOM.attributeModified D29DFEF0D2843F78D6B36AD73B2C7606 {
   "name": "jsaction",
   "nodeId": 18,
   "value": "rcuQ6b:npT2md;YUC7He:.CLIENT;IVKTfe:.CLIENT;HiCeld:.CLIENT;KsNBn:.CLIENT;sbTXNb:.CLIENT;xjhTIf:.CLIENT;O2vyse:.CLIENT;Ez7VMc:.CLIENT;hWT9Jb:.CLIENT;WCulWe:.CLIENT;VM8bg:.CLIENT;qqf0n:.CLIENT;me3ike..."
}
[1618634685.422][DEBUG]: DevTools WebSocket Event: DOM.attributeModified D29DFEF0D2843F78D6B36AD73B2C7606 {
   "name": "jsaction",
   "nodeId": 18,
   "value": "rcuQ6b:npT2md;YUC7He:.CLIENT;IVKTfe:.CLIENT;HiCeld:.CLIENT;KsNBn:.CLIENT;sbTXNb:.CLIENT;xjhTIf:.CLIENT;O2vyse:.CLIENT;Ez7VMc:.CLIENT;hWT9Jb:.CLIENT;WCulWe:.CLIENT;VM8bg:.CLIENT;qqf0n:.CLIENT;me3ike..."
}
[1618634685.422][DEBUG]: DevTools WebSocket Event: DOM.attributeModified D29DFEF0D2843F78D6B36AD73B2C7606 {
   "name": "jsaction",
   "nodeId": 18,
   "value": "rcuQ6b:npT2md;YUC7He:.CLIENT;IVKTfe:.CLIENT;HiCeld:.CLIENT;KsNBn:.CLIENT;sbTXNb:.CLIENT;xjhTIf:.CLIENT;O2vyse:.CLIENT;Ez7VMc:.CLIENT;hWT9Jb:.CLIENT;WCulWe:.CLIENT;VM8bg:.CLIENT;qqf0n:.CLIENT;me3ike..."
}
[1618634685.422][DEBUG]: DevTools WebSocket Event: DOM.childNodeCountUpdated D29DFEF0D2843F78D6B36AD73B2C7606 {
   "childNodeCount": 10,
   "nodeId": 17
}
[1618634685.422][DEBUG]: DevTools WebSocket Event: DOM.childNodeCountUpdated D29DFEF0D2843F78D6B36AD73B2C7606 {
   "childNodeCount": 11,
   "nodeId": 17
}
[1618634685.427][DEBUG]: DevTools WebSocket Event: DOM.childNodeCountUpdated D29DFEF0D2843F78D6B36AD73B2C7606 {
   "childNodeCount": 25,
   "nodeId": 18
}
[1618634685.427][DEBUG]: DevTools WebSocket Response: Runtime.evaluate (id=102) D29DFEF0D2843F78D6B36AD73B2C7606 {
   "result": {
      "description": "1",
      "type": "number",
      "value": 1
   }
}
[1618634685.640][DEBUG]: DevTools WebSocket Event: DOM.attributeModified D29DFEF0D2843F78D6B36AD73B2C7606 {
   "name": "jsaction",
   "nodeId": 18,
   "value": "rcuQ6b:npT2md;YUC7He:.CLIENT;IVKTfe:.CLIENT;HiCeld:.CLIENT;KsNBn:.CLIENT;sbTXNb:.CLIENT;xjhTIf:.CLIENT;O2vyse:.CLIENT;Ez7VMc:.CLIENT;hWT9Jb:.CLIENT;WCulWe:.CLIENT;qqf0n:.CLIENT;me3ike:.CLIENT;IrNyw..."
}
[1618634685.640][DEBUG]: DevTools WebSocket Event: DOM.attributeModified D29DFEF0D2843F78D6B36AD73B2C7606 {
   "name": "jsaction",
   "nodeId": 18,
   "value": "rcuQ6b:npT2md;YUC7He:.CLIENT;IVKTfe:.CLIENT;HiCeld:.CLIENT;KsNBn:.CLIENT;sbTXNb:.CLIENT;xjhTIf:.CLIENT;O2vyse:.CLIENT;Ez7VMc:.CLIENT;hWT9Jb:.CLIENT;WCulWe:.CLIENT;qqf0n:.CLIENT;me3ike:.CLIENT;IrNyw..."
}
[1618634685.640][DEBUG]: DevTools WebSocket Event: DOM.attributeModified D29DFEF0D2843F78D6B36AD73B2C7606 {
   "name": "jsaction",
   "nodeId": 18,
   "value": "rcuQ6b:npT2md;YUC7He:.CLIENT;IVKTfe:.CLIENT;HiCeld:.CLIENT;KsNBn:.CLIENT;sbTXNb:.CLIENT;xjhTIf:.CLIENT;O2vyse:.CLIENT;Ez7VMc:.CLIENT;WCulWe:.CLIENT;qqf0n:.CLIENT;me3ike:.CLIENT;IrNywb:.CLIENT;Z94jB..."
}
[1618634685.640][DEBUG]: DevTools WebSocket Command: Runtime.evaluate (id=103) D29DFEF0D2843F78D6B36AD73B2C7606 {
   "expression": "1"
}
[1618634685.641][DEBUG]: DevTools WebSocket Event: DOM.attributeModified D29DFEF0D2843F78D6B36AD73B2C7606 {
   "name": "jsaction",
   "nodeId": 18,
   "value": "rcuQ6b:npT2md;YUC7He:.CLIENT;IVKTfe:.CLIENT;HiCeld:.CLIENT;KsNBn:.CLIENT;sbTXNb:.CLIENT;xjhTIf:.CLIENT;O2vyse:.CLIENT;Ez7VMc:.CLIENT;WCulWe:.CLIENT;qqf0n:.CLIENT;me3ike:.CLIENT;IrNywb:.CLIENT;Z94jB..."
}
[1618634685.641][DEBUG]: DevTools WebSocket Event: DOM.attributeModified D29DFEF0D2843F78D6B36AD73B2C7606 {
   "name": "jsaction",
   "nodeId": 18,
   "value": "rcuQ6b:npT2md;YUC7He:.CLIENT;IVKTfe:.CLIENT;HiCeld:.CLIENT;KsNBn:.CLIENT;sbTXNb:.CLIENT;xjhTIf:.CLIENT;O2vyse:.CLIENT;Ez7VMc:.CLIENT;qqf0n:.CLIENT;me3ike:.CLIENT;IrNywb:.CLIENT;Z94jBf:.CLIENT;A8708..."
}
[1618634685.641][DEBUG]: DevTools WebSocket Event: DOM.attributeModified D29DFEF0D2843F78D6B36AD73B2C7606 {
   "name": "jsaction",
   "nodeId": 18,
   "value": "rcuQ6b:npT2md;YUC7He:.CLIENT;IVKTfe:.CLIENT;HiCeld:.CLIENT;KsNBn:.CLIENT;sbTXNb:.CLIENT;xjhTIf:.CLIENT;O2vyse:.CLIENT;Ez7VMc:.CLIENT;qqf0n:.CLIENT;me3ike:.CLIENT;IrNywb:.CLIENT;Z94jBf:.CLIENT;A8708..."
}
[1618634685.641][DEBUG]: DevTools WebSocket Event: DOM.childNodeCountUpdated D29DFEF0D2843F78D6B36AD73B2C7606 {
   "childNodeCount": 26,
   "nodeId": 18
}
[1618634685.641][DEBUG]: DevTools WebSocket Event: DOM.attributeModified D29DFEF0D2843F78D6B36AD73B2C7606 {
   "name": "jsaction",
   "nodeId": 18,
   "value": "rcuQ6b:npT2md;YUC7He:.CLIENT;IVKTfe:.CLIENT;HiCeld:.CLIENT;KsNBn:.CLIENT;sbTXNb:.CLIENT;xjhTIf:.CLIENT;O2vyse:.CLIENT;Ez7VMc:.CLIENT;qqf0n:.CLIENT;me3ike:.CLIENT;IrNywb:.CLIENT;Z94jBf:.CLIENT;A8708..."
}
[1618634685.641][DEBUG]: DevTools WebSocket Event: DOM.attributeModified D29DFEF0D2843F78D6B36AD73B2C7606 {
   "name": "jsaction",
   "nodeId": 18,
   "value": "rcuQ6b:npT2md;YUC7He:.CLIENT;IVKTfe:.CLIENT;HiCeld:.CLIENT;KsNBn:.CLIENT;sbTXNb:.CLIENT;xjhTIf:.CLIENT;O2vyse:.CLIENT;Ez7VMc:.CLIENT;qqf0n:.CLIENT;me3ike:.CLIENT;IrNywb:.CLIENT;Z94jBf:.CLIENT;A8708..."
}
[1618634685.642][DEBUG]: DevTools WebSocket Event: DOM.attributeModified D29DFEF0D2843F78D6B36AD73B2C7606 {
   "name": "jsaction",
   "nodeId": 18,
   "value": "rcuQ6b:npT2md;YUC7He:.CLIENT;IVKTfe:.CLIENT;HiCeld:.CLIENT;KsNBn:.CLIENT;sbTXNb:.CLIENT;xjhTIf:.CLIENT;O2vyse:.CLIENT;Ez7VMc:.CLIENT;qqf0n:.CLIENT;me3ike:.CLIENT;IrNywb:.CLIENT;Z94jBf:.CLIENT;A8708..."
}
[1618634685.643][DEBUG]: DevTools WebSocket Event: DOM.attributeModified D29DFEF0D2843F78D6B36AD73B2C7606 {
   "name": "jsaction",
   "nodeId": 18,
   "value": "rcuQ6b:npT2md;YUC7He:.CLIENT;IVKTfe:.CLIENT;HiCeld:.CLIENT;KsNBn:.CLIENT;sbTXNb:.CLIENT;xjhTIf:.CLIENT;O2vyse:.CLIENT;Ez7VMc:.CLIENT;qqf0n:.CLIENT;me3ike:.CLIENT;IrNywb:.CLIENT;Z94jBf:.CLIENT;A8708..."
}
[1618634685.643][DEBUG]: DevTools WebSocket Event: DOM.attributeModified D29DFEF0D2843F78D6B36AD73B2C7606 {
   "name": "jsaction",
   "nodeId": 18,
   "value": "rcuQ6b:npT2md;YUC7He:.CLIENT;IVKTfe:.CLIENT;HiCeld:.CLIENT;KsNBn:.CLIENT;sbTXNb:.CLIENT;xjhTIf:.CLIENT;O2vyse:.CLIENT;Ez7VMc:.CLIENT;qqf0n:.CLIENT;me3ike:.CLIENT;IrNywb:.CLIENT;Z94jBf:.CLIENT;A8708..."
}
[1618634685.643][DEBUG]: DevTools WebSocket Event: DOM.attributeModified D29DFEF0D2843F78D6B36AD73B2C7606 {
   "name": "jsaction",
   "nodeId": 18,
   "value": "rcuQ6b:npT2md;YUC7He:.CLIENT;IVKTfe:.CLIENT;HiCeld:.CLIENT;KsNBn:.CLIENT;sbTXNb:.CLIENT;xjhTIf:.CLIENT;O2vyse:.CLIENT;Ez7VMc:.CLIENT;qqf0n:.CLIENT;me3ike:.CLIENT;IrNywb:.CLIENT;Z94jBf:.CLIENT;A8708..."
}
[1618634685.643][DEBUG]: DevTools WebSocket Event: DOM.attributeModified D29DFEF0D2843F78D6B36AD73B2C7606 {
   "name": "jsaction",
   "nodeId": 18,
   "value": "rcuQ6b:npT2md;YUC7He:.CLIENT;IVKTfe:.CLIENT;HiCeld:.CLIENT;KsNBn:.CLIENT;sbTXNb:.CLIENT;xjhTIf:.CLIENT;O2vyse:.CLIENT;Ez7VMc:.CLIENT;qqf0n:.CLIENT;me3ike:.CLIENT;IrNywb:.CLIENT;Z94jBf:.CLIENT;A8708..."
}
[1618634685.643][DEBUG]: DevTools WebSocket Event: DOM.attributeModified D29DFEF0D2843F78D6B36AD73B2C7606 {
   "name": "jsaction",
   "nodeId": 18,
   "value": "rcuQ6b:npT2md;YUC7He:.CLIENT;IVKTfe:.CLIENT;HiCeld:.CLIENT;KsNBn:.CLIENT;sbTXNb:.CLIENT;xjhTIf:.CLIENT;O2vyse:.CLIENT;Ez7VMc:.CLIENT;qqf0n:.CLIENT;me3ike:.CLIENT;IrNywb:.CLIENT;Z94jBf:.CLIENT;A8708..."
}
[1618634685.644][DEBUG]: DevTools WebSocket Event: DOM.attributeModified D29DFEF0D2843F78D6B36AD73B2C7606 {
   "name": "jsaction",
   "nodeId": 18,
   "value": "rcuQ6b:npT2md;YUC7He:.CLIENT;IVKTfe:.CLIENT;HiCeld:.CLIENT;KsNBn:.CLIENT;sbTXNb:.CLIENT;xjhTIf:.CLIENT;O2vyse:.CLIENT;Ez7VMc:.CLIENT;qqf0n:.CLIENT;me3ike:.CLIENT;IrNywb:.CLIENT;Z94jBf:.CLIENT;A8708..."
}
[1618634685.644][DEBUG]: DevTools WebSocket Event: DOM.attributeModified D29DFEF0D2843F78D6B36AD73B2C7606 {
   "name": "jsaction",
   "nodeId": 18,
   "value": "rcuQ6b:npT2md;YUC7He:.CLIENT;IVKTfe:.CLIENT;HiCeld:.CLIENT;KsNBn:.CLIENT;sbTXNb:.CLIENT;xjhTIf:.CLIENT;O2vyse:.CLIENT;Ez7VMc:.CLIENT;qqf0n:.CLIENT;me3ike:.CLIENT;IrNywb:.CLIENT;Z94jBf:.CLIENT;A8708..."
}
[1618634685.649][DEBUG]: DevTools WebSocket Response: Runtime.evaluate (id=103) D29DFEF0D2843F78D6B36AD73B2C7606 {
   "result": {
      "description": "1",
      "type": "number",
      "value": 1
   }
}
[1618634685.769][DEBUG]: DevTools WebSocket Event: DOM.childNodeCountUpdated D29DFEF0D2843F78D6B36AD73B2C7606 {
   "childNodeCount": 12,
   "nodeId": 17
}
[1618634685.769][DEBUG]: DevTools WebSocket Event: DOM.childNodeCountUpdated D29DFEF0D2843F78D6B36AD73B2C7606 {
   "childNodeCount": 13,
   "nodeId": 17
}
[1618634685.769][DEBUG]: DevTools WebSocket Command: Runtime.evaluate (id=104) D29DFEF0D2843F78D6B36AD73B2C7606 {
   "expression": "1"
}
[1618634685.769][DEBUG]: DevTools WebSocket Event: DOM.childNodeCountUpdated D29DFEF0D2843F78D6B36AD73B2C7606 {
   "childNodeCount": 27,
   "nodeId": 18
}
[1618634685.770][DEBUG]: DevTools WebSocket Event: DOM.childNodeCountUpdated D29DFEF0D2843F78D6B36AD73B2C7606 {
   "childNodeCount": 26,
   "nodeId": 18
}
[1618634685.770][DEBUG]: DevTools WebSocket Event: DOM.childNodeCountUpdated D29DFEF0D2843F78D6B36AD73B2C7606 {
   "childNodeCount": 27,
   "nodeId": 18
}
[1618634685.790][DEBUG]: DevTools WebSocket Response: Runtime.evaluate (id=104) D29DFEF0D2843F78D6B36AD73B2C7606 {
   "result": {
      "description": "1",
      "type": "number",
      "value": 1
   }
}
[1618634685.794][DEBUG]: DevTools WebSocket Event: DOM.childNodeCountUpdated D29DFEF0D2843F78D6B36AD73B2C7606 {
   "childNodeCount": 28,
   "nodeId": 18
}
[1618634685.794][DEBUG]: DevTools WebSocket Command: Runtime.evaluate (id=105) D29DFEF0D2843F78D6B36AD73B2C7606 {
   "expression": "1"
}
[1618634685.797][DEBUG]: DevTools WebSocket Response: Runtime.evaluate (id=105) D29DFEF0D2843F78D6B36AD73B2C7606 {
   "result": {
      "description": "1",
      "type": "number",
      "value": 1
   }
}
[1618634685.938][DEBUG]: DevTools WebSocket Event: DOM.childNodeCountUpdated D29DFEF0D2843F78D6B36AD73B2C7606 {
   "childNodeCount": 29,
   "nodeId": 18
}
[1618634685.938][DEBUG]: DevTools WebSocket Command: Runtime.evaluate (id=106) D29DFEF0D2843F78D6B36AD73B2C7606 {
   "expression": "1"
}
[1618634685.941][DEBUG]: DevTools WebSocket Response: Runtime.evaluate (id=106) D29DFEF0D2843F78D6B36AD73B2C7606 {
   "result": {
      "description": "1",
      "type": "number",
      "value": 1
   }
}
[1618634686.032][DEBUG]: DevTools WebSocket Event: Page.loadEventFired D29DFEF0D2843F78D6B36AD73B2C7606 {
   "timestamp": 76506.366881
}
[1618634686.032][DEBUG]: DevTools WebSocket Command: Runtime.evaluate (id=107) D29DFEF0D2843F78D6B36AD73B2C7606 {
   "awaitPromise": false,
   "expression": "document.readyState",
   "returnByValue": true
}
[1618634686.034][DEBUG]: DevTools WebSocket Event: Page.frameStoppedLoading D29DFEF0D2843F78D6B36AD73B2C7606 {
   "frameId": "D29DFEF0D2843F78D6B36AD73B2C7606"
}
[1618634686.035][DEBUG]: DevTools WebSocket Response: Runtime.evaluate (id=107) D29DFEF0D2843F78D6B36AD73B2C7606 {
   "result": {
      "type": "string",
      "value": "complete"
   }
}
[1618634686.035][DEBUG]: DevTools WebSocket Command: Runtime.evaluate (id=108) D29DFEF0D2843F78D6B36AD73B2C7606 {
   "expression": "1"
}
[1618634686.037][DEBUG]: DevTools WebSocket Response: Runtime.evaluate (id=108) D29DFEF0D2843F78D6B36AD73B2C7606 {
   "result": {
      "description": "1",
      "type": "number",
      "value": 1
   }
}
[1618634686.037][INFO]: Done waiting for pending navigations. Status: ok
[1618634686.037][INFO]: [c1f94cfa2b4b18e9b1e17e417744f297] RESPONSE TypeElement
[1618634686.040][INFO]: [c1f94cfa2b4b18e9b1e17e417744f297] COMMAND FindElements {
   "using": "css selector",
   "value": "[id=\"lu_map\"]"
}
[1618634686.041][INFO]: Waiting for pending navigations...
[1618634686.041][DEBUG]: DevTools WebSocket Command: Runtime.evaluate (id=109) D29DFEF0D2843F78D6B36AD73B2C7606 {
   "expression": "1"
}
[1618634686.042][DEBUG]: DevTools WebSocket Response: Runtime.evaluate (id=109) D29DFEF0D2843F78D6B36AD73B2C7606 {
   "result": {
      "description": "1",
      "type": "number",
      "value": 1
   }
}
[1618634686.042][INFO]: Done waiting for pending navigations. Status: ok
[1618634686.044][DEBUG]: DevTools WebSocket Command: Runtime.evaluate (id=110) D29DFEF0D2843F78D6B36AD73B2C7606 {
   "awaitPromise": true,
   "expression": "(function() { // Copyright (c) 2012 The Chromium Authors. All rights reserved.\n// Use of this source code is governed by a BSD-style license that can be\n// found in the LICENSE file.\n\n/**\n * Enum f...",
   "returnByValue": true
}
[1618634686.058][DEBUG]: DevTools WebSocket Response: Runtime.evaluate (id=110) D29DFEF0D2843F78D6B36AD73B2C7606 {
   "result": {
      "type": "object",
      "value": {
         "status": 0,
         "value": [ {
            "ELEMENT": "0.433551468726884-1"
         } ]
      }
   }
}
[1618634686.058][INFO]: Waiting for pending navigations...
[1618634686.058][DEBUG]: DevTools WebSocket Command: Runtime.evaluate (id=111) D29DFEF0D2843F78D6B36AD73B2C7606 {
   "expression": "1"
}
[1618634686.062][DEBUG]: DevTools WebSocket Response: Runtime.evaluate (id=111) D29DFEF0D2843F78D6B36AD73B2C7606 {
   "result": {
      "description": "1",
      "type": "number",
      "value": 1
   }
}
[1618634686.062][INFO]: Done waiting for pending navigations. Status: ok
[1618634686.062][INFO]: [c1f94cfa2b4b18e9b1e17e417744f297] RESPONSE FindElements [ {
   "ELEMENT": "0.433551468726884-1"
} ]
[1618634686.065][INFO]: [c1f94cfa2b4b18e9b1e17e417744f297] COMMAND IsElementDisplayed {
   "id": "0.433551468726884-1"
}
[1618634686.065][INFO]: Waiting for pending navigations...
[1618634686.065][DEBUG]: DevTools WebSocket Command: Runtime.evaluate (id=112) D29DFEF0D2843F78D6B36AD73B2C7606 {
   "expression": "1"
}
[1618634686.067][DEBUG]: DevTools WebSocket Response: Runtime.evaluate (id=112) D29DFEF0D2843F78D6B36AD73B2C7606 {
   "result": {
      "description": "1",
      "type": "number",
      "value": 1
   }
}
[1618634686.067][INFO]: Done waiting for pending navigations. Status: ok
[1618634686.068][DEBUG]: DevTools WebSocket Command: Runtime.evaluate (id=113) D29DFEF0D2843F78D6B36AD73B2C7606 {
   "awaitPromise": true,
   "expression": "(function() { // Copyright (c) 2012 The Chromium Authors. All rights reserved.\n// Use of this source code is governed by a BSD-style license that can be\n// found in the LICENSE file.\n\n/**\n * Enum f...",
   "returnByValue": true
}
[1618634686.079][DEBUG]: DevTools WebSocket Response: Runtime.evaluate (id=113) D29DFEF0D2843F78D6B36AD73B2C7606 {
   "result": {
      "type": "object",
      "value": {
         "status": 0,
         "value": true
      }
   }
}
[1618634686.079][INFO]: Waiting for pending navigations...
[1618634686.079][DEBUG]: DevTools WebSocket Command: Runtime.evaluate (id=114) D29DFEF0D2843F78D6B36AD73B2C7606 {
   "expression": "1"
}
[1618634686.080][DEBUG]: DevTools WebSocket Response: Runtime.evaluate (id=114) D29DFEF0D2843F78D6B36AD73B2C7606 {
   "result": {
      "description": "1",
      "type": "number",
      "value": 1
   }
}
[1618634686.080][INFO]: Done waiting for pending navigations. Status: ok
[1618634686.080][INFO]: [c1f94cfa2b4b18e9b1e17e417744f297] RESPONSE IsElementDisplayed true
[1618634688.094][INFO]: [c1f94cfa2b4b18e9b1e17e417744f297] COMMAND Quit {

}
[1618634688.195][INFO]: [c1f94cfa2b4b18e9b1e17e417744f297] RESPONSE Quit
[1618634688.195][DEBUG]: Log type 'driver' lost 0 entries on destruction
[1618634688.195][DEBUG]: Log type 'browser' lost 0 entries on destruction
